2019-05-01 13:09:27,654 [Worker-2: Loading available Gradle versions] INFO  o.e.b.c.i.u.g.PublishedGradleVersions - Gradle version information cache is up-to-date. Trying to read.
2019-05-01 13:09:48,436 [Worker-1: Loading available Gradle versions] INFO  o.e.b.c.i.u.g.PublishedGradleVersions - Gradle version information cache is up-to-date. Trying to read.
2019-05-01 13:40:12,816 [Worker-9: reload maven project] ERROR o.e.m.c.i.p.r.ProjectRegistryManager - Failed to read Maven project: 1 problem was encountered while building the effective model for swt1:iMage:0.0.1-SNAPSHOT
[FATAL] Non-resolvable parent POM for swt1:iMage:0.0.1-SNAPSHOT: Could not find artifact edu.kit.ipd.swt1.ss2019:uebungsparent:pom:0.0.1-SNAPSHOT and 'parent.relativePath' points at wrong local POM @ line 3, column 11
 for project swt1:iMage:0.0.1-SNAPSHOT at D:\Dokumente\Studienmaterial\SWT1\Workspace\iMage\pom.xml
org.apache.maven.project.ProjectBuildingException: 1 problem was encountered while building the effective model for swt1:iMage:0.0.1-SNAPSHOT
[FATAL] Non-resolvable parent POM for swt1:iMage:0.0.1-SNAPSHOT: Could not find artifact edu.kit.ipd.swt1.ss2019:uebungsparent:pom:0.0.1-SNAPSHOT and 'parent.relativePath' points at wrong local POM @ line 3, column 11
 for project swt1:iMage:0.0.1-SNAPSHOT at D:\Dokumente\Studienmaterial\SWT1\Workspace\iMage\pom.xml
	at org.apache.maven.project.DefaultProjectBuilder.build(DefaultProjectBuilder.java:165) ~[na:na]
	at org.apache.maven.project.DefaultProjectBuilder.build(DefaultProjectBuilder.java:116) ~[na:na]
	at org.eclipse.m2e.core.internal.embedder.MavenImpl.readMavenProject(MavenImpl.java:628) ~[na:na]
	at org.eclipse.m2e.core.internal.project.registry.ProjectRegistryManager.lambda$3(ProjectRegistryManager.java:808) ~[na:na]
	at org.eclipse.m2e.core.internal.embedder.MavenExecutionContext.executeBare(MavenExecutionContext.java:177) ~[na:na]
	at org.eclipse.m2e.core.internal.embedder.MavenExecutionContext.execute(MavenExecutionContext.java:151) ~[na:na]
	at org.eclipse.m2e.core.internal.embedder.MavenExecutionContext.execute(MavenExecutionContext.java:99) ~[na:na]
	at org.eclipse.m2e.core.internal.project.registry.ProjectRegistryManager.execute(ProjectRegistryManager.java:958) ~[na:na]
	at org.eclipse.m2e.core.internal.project.registry.ProjectRegistryManager.readProjectWithDependencies(ProjectRegistryManager.java:805) ~[na:na]
	at org.eclipse.m2e.core.internal.project.registry.ProjectRegistryManager.create(ProjectRegistryManager.java:192) ~[na:na]
	at org.eclipse.m2e.core.internal.project.registry.MavenProjectManager.create(MavenProjectManager.java:80) ~[na:na]
	at org.eclipse.m2e.core.ui.internal.actions.SelectionUtil.getMavenProject(SelectionUtil.java:259) ~[org.eclipse.m2e.core.ui_1.11.0.20190220-2119.jar:na]
	at org.eclipse.m2e.editor.pom.MavenPomEditor.readMavenProject(MavenPomEditor.java:740) ~[na:na]
	at org.eclipse.m2e.editor.pom.MavenPomEditor$5.run(MavenPomEditor.java:1074) ~[na:na]
	at org.eclipse.core.internal.jobs.Worker.run(Worker.java:63) ~[org.eclipse.core.jobs_3.10.300.v20190215-2048.jar:na]
Caused by: org.apache.maven.model.building.ModelBuildingException: 1 problem was encountered while building the effective model for swt1:iMage:0.0.1-SNAPSHOT
[FATAL] Non-resolvable parent POM for swt1:iMage:0.0.1-SNAPSHOT: Could not find artifact edu.kit.ipd.swt1.ss2019:uebungsparent:pom:0.0.1-SNAPSHOT and 'parent.relativePath' points at wrong local POM @ line 3, column 11

	at org.apache.maven.model.building.DefaultModelProblemCollector.newModelBuildingException(DefaultModelProblemCollector.java:197) ~[na:na]
	at org.apache.maven.model.building.DefaultModelBuilder.readParentExternally(DefaultModelBuilder.java:1082) ~[na:na]
	at org.apache.maven.model.building.DefaultModelBuilder.readParent(DefaultModelBuilder.java:830) ~[na:na]
	at org.apache.maven.model.building.DefaultModelBuilder.build(DefaultModelBuilder.java:332) ~[na:na]
	at org.apache.maven.project.DefaultProjectBuilder.build(DefaultProjectBuilder.java:158) ~[na:na]
	... 14 common frames omitted
2019-05-01 13:43:49,346 [Worker-4: Building workspace] INFO  o.e.m.c.i.e.AbstractTransferListenerAdapter - Downloaded http://bob.ipd.kit.edu/nexus/repository/maven-public-all/edu/kit/ipd/swt1/ss2019/uebungsparent/0.0.1-SNAPSHOT/maven-metadata.xml
2019-05-01 13:43:49,360 [Worker-9: reload maven project] INFO  o.e.m.c.i.e.AbstractTransferListenerAdapter - Downloaded http://bob.ipd.kit.edu/nexus/repository/maven-public-all/edu/kit/ipd/swt1/ss2019/uebungsparent/0.0.1-SNAPSHOT/maven-metadata.xml
2019-05-01 13:43:49,438 [Worker-4: Building workspace] INFO  o.e.m.c.i.e.AbstractTransferListenerAdapter - Downloaded http://bob.ipd.kit.edu/nexus/repository/maven-public-all/edu/kit/ipd/swt1/ss2019/uebungsparent/0.0.1-SNAPSHOT/uebungsparent-0.0.1-20190315.134908-4.pom
2019-05-01 13:43:49,470 [Worker-9: reload maven project] INFO  o.e.m.c.i.e.AbstractTransferListenerAdapter - Downloaded http://bob.ipd.kit.edu/nexus/repository/maven-public-all/edu/kit/ipd/swt1/ss2019/uebungsparent/0.0.1-SNAPSHOT/uebungsparent-0.0.1-20190315.134908-4.pom
2019-05-01 13:43:49,601 [Worker-9: reload maven project] INFO  o.e.m.c.i.e.AbstractTransferListenerAdapter - Downloaded http://bob.ipd.kit.edu/nexus/repository/maven-public-all/edu/kit/ipd/swt1/ss2019/uebungsparent/0.0.1-SNAPSHOT/maven-metadata.xml
2019-05-01 13:43:49,616 [Worker-4: Building workspace] INFO  o.e.m.c.i.e.AbstractTransferListenerAdapter - Downloaded http://bob.ipd.kit.edu/nexus/repository/maven-public-all/edu/kit/ipd/swt1/ss2019/uebungsparent/0.0.1-SNAPSHOT/maven-metadata.xml
2019-05-01 13:43:49,696 [Worker-4: Building workspace] INFO  o.e.m.c.i.l.LifecycleMappingFactory - Using NULL lifecycle mapping for MavenProject: swt1:iMage:0.0.1-SNAPSHOT @ D:\Dokumente\Studienmaterial\SWT1\Workspace\iMage\pom.xml.
2019-05-01 13:46:06,257 [main] INFO  o.e.m2e.actions.ExecutePomAction - Creating new launch configuration
2019-05-01 13:46:18,188 [Worker-12: Launching iMage] INFO  o.e.m.i.launch.MavenLaunchDelegate - D:\Dokumente\Studienmaterial\SWT1\Workspace\iMage
2019-05-01 13:46:18,188 [Worker-12: Launching iMage] INFO  o.e.m.i.launch.MavenLaunchDelegate -  mvn -B package
2019-05-01 13:53:30,555 [ModalContext] INFO  o.e.m.c.i.e.AbstractTransferListenerAdapter - Downloading https://repo.maven.apache.org/maven2/org/apache/maven/archetypes/maven-archetype-quickstart/1.1/maven-archetype-quickstart-1.1.jar
2019-05-01 13:53:30,649 [ModalContext] INFO  o.e.m.c.i.e.AbstractTransferListenerAdapter - Downloaded https://repo.maven.apache.org/maven2/org/apache/maven/archetypes/maven-archetype-quickstart/1.1/maven-archetype-quickstart-1.1.jar
2019-05-01 13:53:30,676 [ModalContext] INFO  o.e.m.c.i.e.AbstractTransferListenerAdapter - Downloading https://repo.maven.apache.org/maven2/org/apache/maven/archetypes/maven-archetype-quickstart/1.1/maven-archetype-quickstart-1.1.pom
2019-05-01 13:53:30,703 [ModalContext] INFO  o.e.m.c.i.e.AbstractTransferListenerAdapter - Downloaded https://repo.maven.apache.org/maven2/org/apache/maven/archetypes/maven-archetype-quickstart/1.1/maven-archetype-quickstart-1.1.pom
2019-05-01 14:01:51,343 [Worker-20: Creating project "jmjrst.main"] INFO  o.e.m.c.i.e.AbstractTransferListenerAdapter - Downloading http://bob.ipd.kit.edu/nexus/repository/maven-public-all/org/apache/maven/plugins/maven-surefire-plugin/3.0.0-M3/maven-surefire-plugin-3.0.0-M3.jar
2019-05-01 14:01:51,428 [Worker-20: Creating project "jmjrst.main"] INFO  o.e.m.c.i.e.AbstractTransferListenerAdapter - Downloaded http://bob.ipd.kit.edu/nexus/repository/maven-public-all/org/apache/maven/plugins/maven-surefire-plugin/3.0.0-M3/maven-surefire-plugin-3.0.0-M3.jar
2019-05-01 14:01:51,642 [Worker-20: Creating project "jmjrst.main"] INFO  o.e.m.c.i.e.AbstractTransferListenerAdapter - Downloading http://bob.ipd.kit.edu/nexus/repository/maven-public-all/org/apache/maven/plugins/maven-jar-plugin/3.1.1/maven-jar-plugin-3.1.1.jar
2019-05-01 14:01:51,732 [Worker-20: Creating project "jmjrst.main"] INFO  o.e.m.c.i.e.AbstractTransferListenerAdapter - Downloaded http://bob.ipd.kit.edu/nexus/repository/maven-public-all/org/apache/maven/plugins/maven-jar-plugin/3.1.1/maven-jar-plugin-3.1.1.jar
2019-05-01 14:01:52,341 [Worker-20: Creating project "jmjrst.main"] INFO  o.e.m.c.i.l.LifecycleMappingFactory - Using org.eclipse.m2e.jdt.JarLifecycleMapping lifecycle mapping for MavenProject: swt1:jmjrst.main:0.0.1-SNAPSHOT @ D:\Dokumente\Studienmaterial\SWT1\Workspace\iMage\jmjrst.main\pom.xml.
2019-05-01 14:01:52,674 [Worker-20: Creating project "jmjrst.main"] INFO  o.e.m.j.i.AbstractJavaProjectConfigurator - Adding source folder /jmjrst.main/src/main/java
2019-05-01 14:01:52,675 [Worker-20: Creating project "jmjrst.main"] INFO  o.e.m.j.i.AbstractJavaProjectConfigurator - Adding resource folder /jmjrst.main/src/main/resources
2019-05-01 14:01:52,683 [Worker-20: Creating project "jmjrst.main"] INFO  o.e.m.j.i.AbstractJavaProjectConfigurator - Adding source folder /jmjrst.main/src/test/java
2019-05-01 14:01:52,684 [Worker-20: Creating project "jmjrst.main"] INFO  o.e.m.j.i.AbstractJavaProjectConfigurator - Adding resource folder /jmjrst.main/src/test/resources
2019-05-01 14:01:53,722 [Worker-20: Building workspace] INFO  o.e.m.c.i.embedder.EclipseLogger - Using 'UTF-8' encoding to copy filtered resources.
2019-05-01 14:01:53,727 [Worker-20: Building workspace] INFO  o.e.m.c.i.embedder.EclipseLogger - Copying 0 resource
2019-05-01 14:01:53,729 [Worker-20: Building workspace] INFO  o.e.m.c.i.embedder.EclipseLogger - Using 'UTF-8' encoding to copy filtered resources.
2019-05-01 14:01:53,730 [Worker-20: Building workspace] INFO  o.e.m.c.i.embedder.EclipseLogger - Copying 0 resource
2019-05-01 14:06:37,482 [Worker-24: Creating project "jmjrst.main"] INFO  o.e.m.c.i.l.LifecycleMappingFactory - Using org.eclipse.m2e.jdt.JarLifecycleMapping lifecycle mapping for MavenProject: swt1.ub1.a1:jmjrst.main:0.0.1-SNAPSHOT @ D:\Dokumente\Studienmaterial\SWT1\Workspace\iMage\jmjrst.main\pom.xml.
2019-05-01 14:06:37,741 [Worker-24: Creating project "jmjrst.main"] INFO  o.e.m.j.i.AbstractJavaProjectConfigurator - Adding source folder /jmjrst.main/src/main/java
2019-05-01 14:06:37,742 [Worker-24: Creating project "jmjrst.main"] INFO  o.e.m.j.i.AbstractJavaProjectConfigurator - Adding resource folder /jmjrst.main/src/main/resources
2019-05-01 14:06:37,747 [Worker-24: Creating project "jmjrst.main"] INFO  o.e.m.j.i.AbstractJavaProjectConfigurator - Adding source folder /jmjrst.main/src/test/java
2019-05-01 14:06:37,748 [Worker-24: Creating project "jmjrst.main"] INFO  o.e.m.j.i.AbstractJavaProjectConfigurator - Adding resource folder /jmjrst.main/src/test/resources
2019-05-01 14:06:38,099 [Worker-20: Building workspace] INFO  o.e.m.c.i.embedder.EclipseLogger - Using 'UTF-8' encoding to copy filtered resources.
2019-05-01 14:06:38,099 [Worker-20: Building workspace] INFO  o.e.m.c.i.embedder.EclipseLogger - Copying 0 resource
2019-05-01 14:06:38,100 [Worker-20: Building workspace] INFO  o.e.m.c.i.embedder.EclipseLogger - Using 'UTF-8' encoding to copy filtered resources.
2019-05-01 14:06:38,101 [Worker-20: Building workspace] INFO  o.e.m.c.i.embedder.EclipseLogger - Copying 0 resource
2019-05-01 14:06:39,113 [Worker-21: Building workspace] INFO  o.e.m.c.i.embedder.EclipseLogger - Using 'UTF-8' encoding to copy filtered resources.
2019-05-01 14:06:39,114 [Worker-21: Building workspace] INFO  o.e.m.c.i.embedder.EclipseLogger - Copying 0 resource
2019-05-01 14:06:39,115 [Worker-21: Building workspace] INFO  o.e.m.c.i.embedder.EclipseLogger - Using 'UTF-8' encoding to copy filtered resources.
2019-05-01 14:06:39,116 [Worker-21: Building workspace] INFO  o.e.m.c.i.embedder.EclipseLogger - Copying 0 resource
2019-05-01 14:14:56,111 [Worker-20: Building workspace] INFO  o.e.m.c.i.l.LifecycleMappingFactory - Using NULL lifecycle mapping for MavenProject: swt1:iMage:0.0.1-SNAPSHOT @ D:\Dokumente\Studienmaterial\SWT1\Workspace\iMage\pom.xml.
2019-05-01 14:14:56,438 [Worker-20: Building workspace] INFO  o.e.m.c.i.l.LifecycleMappingFactory - Using org.eclipse.m2e.jdt.JarLifecycleMapping lifecycle mapping for MavenProject: swt1.ub1.a1:jmjrst.main:0.0.1-SNAPSHOT @ D:\Dokumente\Studienmaterial\SWT1\Workspace\iMage\jmjrst.main\pom.xml.
2019-05-01 14:14:56,897 [Worker-20: Building workspace] INFO  o.e.m.c.i.embedder.EclipseLogger - Using 'UTF-8' encoding to copy filtered resources.
2019-05-01 14:14:56,898 [Worker-20: Building workspace] INFO  o.e.m.c.i.embedder.EclipseLogger - Copying 0 resource
2019-05-01 14:14:56,901 [Worker-20: Building workspace] INFO  o.e.m.c.i.embedder.EclipseLogger - Using 'UTF-8' encoding to copy filtered resources.
2019-05-01 14:14:56,901 [Worker-20: Building workspace] INFO  o.e.m.c.i.embedder.EclipseLogger - Copying 0 resource
2019-05-01 16:12:47,964 [Worker-35: Building workspace] INFO  o.e.m.c.i.embedder.EclipseLogger - Using 'UTF-8' encoding to copy filtered resources.
2019-05-01 16:12:47,971 [Worker-35: Building workspace] INFO  o.e.m.c.i.embedder.EclipseLogger - Copying 20 resources
2019-05-01 16:12:48,014 [Worker-35: Building workspace] INFO  o.e.m.c.i.embedder.EclipseLogger - Using 'UTF-8' encoding to copy filtered resources.
2019-05-01 16:12:48,014 [Worker-35: Building workspace] INFO  o.e.m.c.i.embedder.EclipseLogger - Copying 0 resource
2019-05-01 16:12:49,712 [Worker-34: Building workspace] INFO  o.e.m.c.i.embedder.EclipseLogger - Using 'UTF-8' encoding to copy filtered resources.
2019-05-01 16:12:49,714 [Worker-34: Building workspace] INFO  o.e.m.c.i.embedder.EclipseLogger - Copying 20 resources
2019-05-01 16:12:49,717 [Worker-34: Building workspace] INFO  o.e.m.c.i.embedder.EclipseLogger - Using 'UTF-8' encoding to copy filtered resources.
2019-05-01 16:12:49,717 [Worker-34: Building workspace] INFO  o.e.m.c.i.embedder.EclipseLogger - Copying 0 resource
2019-05-01 16:19:14,202 [Worker-33: Building workspace] INFO  o.e.m.c.i.embedder.EclipseLogger - Using 'UTF-8' encoding to copy filtered resources.
2019-05-01 16:19:14,202 [Worker-33: Building workspace] INFO  o.e.m.c.i.embedder.EclipseLogger - Copying 0 resource
2019-05-01 16:19:14,203 [Worker-33: Building workspace] INFO  o.e.m.c.i.embedder.EclipseLogger - Using 'UTF-8' encoding to copy filtered resources.
2019-05-01 16:19:14,203 [Worker-33: Building workspace] INFO  o.e.m.c.i.embedder.EclipseLogger - Copying 0 resource
2019-05-01 16:24:22,110 [Worker-36: Building workspace] INFO  o.e.m.c.i.embedder.EclipseLogger - Using 'UTF-8' encoding to copy filtered resources.
2019-05-01 16:24:22,111 [Worker-36: Building workspace] INFO  o.e.m.c.i.embedder.EclipseLogger - Copying 20 resources
2019-05-01 16:24:22,114 [Worker-36: Building workspace] INFO  o.e.m.c.i.embedder.EclipseLogger - Using 'UTF-8' encoding to copy filtered resources.
2019-05-01 16:24:22,114 [Worker-36: Building workspace] INFO  o.e.m.c.i.embedder.EclipseLogger - Copying 0 resource
2019-05-01 16:24:50,708 [main] INFO  o.e.m2e.actions.ExecutePomAction - Creating new launch configuration
2019-05-01 16:24:56,499 [Worker-26: Launching jmjrst.main] INFO  o.e.m.i.launch.MavenLaunchDelegate - D:\Dokumente\Studienmaterial\SWT1\Workspace\iMage\jmjrst.main
2019-05-01 16:24:56,499 [Worker-26: Launching jmjrst.main] INFO  o.e.m.i.launch.MavenLaunchDelegate -  mvn -B package
2019-05-01 16:26:41,448 [main] INFO  o.e.m2e.actions.ExecutePomAction - Using existing launch configuration
2019-05-01 16:26:41,553 [Worker-33: Launching jmjrst.main] INFO  o.e.m.i.launch.MavenLaunchDelegate - D:\Dokumente\Studienmaterial\SWT1\Workspace\iMage\jmjrst.main
2019-05-01 16:26:41,553 [Worker-33: Launching jmjrst.main] INFO  o.e.m.i.launch.MavenLaunchDelegate -  mvn -B package
2019-05-01 16:27:07,286 [Worker-37: Launching jmjrst.main] INFO  o.e.m.i.launch.MavenLaunchDelegate - D:\Dokumente\Studienmaterial\SWT1\Workspace\iMage\jmjrst.main
2019-05-01 16:27:07,286 [Worker-37: Launching jmjrst.main] INFO  o.e.m.i.launch.MavenLaunchDelegate -  mvn -B run
2019-05-01 16:28:02,759 [Worker-33: Launching jmjrst.main] INFO  o.e.m.i.launch.MavenLaunchDelegate - D:\Dokumente\Studienmaterial\SWT1\Workspace\iMage\jmjrst.main
2019-05-01 16:28:02,759 [Worker-33: Launching jmjrst.main] INFO  o.e.m.i.launch.MavenLaunchDelegate -  mvn -B compile
2019-05-01 16:37:53,688 [Worker-36: Building workspace] INFO  o.e.m.c.i.embedder.EclipseLogger - Using 'UTF-8' encoding to copy filtered resources.
2019-05-01 16:37:53,689 [Worker-36: Building workspace] INFO  o.e.m.c.i.embedder.EclipseLogger - Copying 0 resource
2019-05-01 16:37:53,690 [Worker-36: Building workspace] INFO  o.e.m.c.i.embedder.EclipseLogger - Using 'UTF-8' encoding to copy filtered resources.
2019-05-01 16:37:53,690 [Worker-36: Building workspace] INFO  o.e.m.c.i.embedder.EclipseLogger - Copying 1 resource
2019-05-01 16:37:54,703 [Worker-40: Building workspace] INFO  o.e.m.c.i.embedder.EclipseLogger - Using 'UTF-8' encoding to copy filtered resources.
2019-05-01 16:37:54,703 [Worker-40: Building workspace] INFO  o.e.m.c.i.embedder.EclipseLogger - Copying 0 resource
2019-05-01 16:37:54,704 [Worker-40: Building workspace] INFO  o.e.m.c.i.embedder.EclipseLogger - Using 'UTF-8' encoding to copy filtered resources.
2019-05-01 16:37:54,704 [Worker-40: Building workspace] INFO  o.e.m.c.i.embedder.EclipseLogger - Copying 0 resource
2019-05-01 16:46:31,717 [Worker-38: Building workspace] INFO  o.e.m.c.i.embedder.EclipseLogger - Using 'UTF-8' encoding to copy filtered resources.
2019-05-01 16:46:31,718 [Worker-38: Building workspace] INFO  o.e.m.c.i.embedder.EclipseLogger - Copying 0 resource
2019-05-01 16:46:31,719 [Worker-38: Building workspace] INFO  o.e.m.c.i.embedder.EclipseLogger - Using 'UTF-8' encoding to copy filtered resources.
2019-05-01 16:46:31,719 [Worker-38: Building workspace] INFO  o.e.m.c.i.embedder.EclipseLogger - Copying 0 resource
2019-05-01 16:46:41,838 [Worker-36: Launching jmjrst.main] INFO  o.e.m.i.launch.MavenLaunchDelegate - D:\Dokumente\Studienmaterial\SWT1\Workspace\iMage\jmjrst.main
2019-05-01 16:46:41,839 [Worker-36: Launching jmjrst.main] INFO  o.e.m.i.launch.MavenLaunchDelegate -  mvn -B package
2019-05-01 16:48:19,712 [Worker-38: Building workspace] INFO  o.e.m.c.i.embedder.EclipseLogger - Using 'UTF-8' encoding to copy filtered resources.
2019-05-01 16:48:19,712 [Worker-38: Building workspace] INFO  o.e.m.c.i.embedder.EclipseLogger - Copying 0 resource
2019-05-01 16:48:19,713 [Worker-38: Building workspace] INFO  o.e.m.c.i.embedder.EclipseLogger - Using 'UTF-8' encoding to copy filtered resources.
2019-05-01 16:48:19,713 [Worker-38: Building workspace] INFO  o.e.m.c.i.embedder.EclipseLogger - Copying 0 resource
2019-05-01 16:48:29,435 [Worker-42: Launching jmjrst.main] INFO  o.e.m.i.launch.MavenLaunchDelegate - D:\Dokumente\Studienmaterial\SWT1\Workspace\iMage\jmjrst.main
2019-05-01 16:48:29,435 [Worker-42: Launching jmjrst.main] INFO  o.e.m.i.launch.MavenLaunchDelegate -  mvn -B package
2019-05-01 16:49:17,589 [Worker-43: Launching jmjrst.main] INFO  o.e.m.i.launch.MavenLaunchDelegate - D:\Dokumente\Studienmaterial\SWT1\Workspace\iMage\jmjrst.main
2019-05-01 16:49:17,589 [Worker-43: Launching jmjrst.main] INFO  o.e.m.i.launch.MavenLaunchDelegate -  mvn -B package
2019-05-01 16:49:40,186 [Worker-38: Launching jmjrst.main] INFO  o.e.m.i.launch.MavenLaunchDelegate - D:\Dokumente\Studienmaterial\SWT1\Workspace\iMage\jmjrst.main
2019-05-01 16:49:40,186 [Worker-38: Launching jmjrst.main] INFO  o.e.m.i.launch.MavenLaunchDelegate -  mvn -B package
2019-05-01 16:50:55,186 [Worker-43: Launching jmjrst.main] INFO  o.e.m.i.launch.MavenLaunchDelegate - D:\Dokumente\Studienmaterial\SWT1\Workspace\iMage\jmjrst.main
2019-05-01 16:50:55,186 [Worker-43: Launching jmjrst.main] INFO  o.e.m.i.launch.MavenLaunchDelegate -  mvn -B package
2019-05-01 16:50:55,286 [Worker-38: Building workspace] INFO  o.e.m.c.i.embedder.EclipseLogger - Using 'UTF-8' encoding to copy filtered resources.
2019-05-01 16:50:55,286 [Worker-38: Building workspace] INFO  o.e.m.c.i.embedder.EclipseLogger - Copying 0 resource
2019-05-01 16:50:55,287 [Worker-38: Building workspace] INFO  o.e.m.c.i.embedder.EclipseLogger - Using 'UTF-8' encoding to copy filtered resources.
2019-05-01 16:50:55,287 [Worker-38: Building workspace] INFO  o.e.m.c.i.embedder.EclipseLogger - Copying 0 resource
2019-05-01 17:43:57,414 [Worker-41: Launching jmjrst.main] INFO  o.e.m.i.launch.MavenLaunchDelegate - D:\Dokumente\Studienmaterial\SWT1\Workspace\iMage\jmjrst.main
2019-05-01 17:43:57,415 [Worker-41: Launching jmjrst.main] INFO  o.e.m.i.launch.MavenLaunchDelegate -  mvn -B package
2019-05-01 17:43:57,519 [Worker-40: Building workspace] INFO  o.e.m.c.i.embedder.EclipseLogger - Using 'UTF-8' encoding to copy filtered resources.
2019-05-01 17:43:57,520 [Worker-40: Building workspace] INFO  o.e.m.c.i.embedder.EclipseLogger - Copying 0 resource
2019-05-01 17:43:57,521 [Worker-40: Building workspace] INFO  o.e.m.c.i.embedder.EclipseLogger - Using 'UTF-8' encoding to copy filtered resources.
2019-05-01 17:43:57,521 [Worker-40: Building workspace] INFO  o.e.m.c.i.embedder.EclipseLogger - Copying 0 resource
2019-05-01 17:44:15,078 [Worker-41: Launching jmjrst.main] INFO  o.e.m.i.launch.MavenLaunchDelegate - D:\Dokumente\Studienmaterial\SWT1\Workspace\iMage\jmjrst.main
2019-05-01 17:44:15,078 [Worker-41: Launching jmjrst.main] INFO  o.e.m.i.launch.MavenLaunchDelegate -  mvn -B package
2019-05-01 17:44:15,168 [Worker-38: Building workspace] INFO  o.e.m.c.i.embedder.EclipseLogger - Using 'UTF-8' encoding to copy filtered resources.
2019-05-01 17:44:15,168 [Worker-38: Building workspace] INFO  o.e.m.c.i.embedder.EclipseLogger - Copying 0 resource
2019-05-01 17:44:15,169 [Worker-38: Building workspace] INFO  o.e.m.c.i.embedder.EclipseLogger - Using 'UTF-8' encoding to copy filtered resources.
2019-05-01 17:44:15,169 [Worker-38: Building workspace] INFO  o.e.m.c.i.embedder.EclipseLogger - Copying 0 resource
2019-05-01 17:47:06,509 [Worker-42: Building workspace] INFO  o.e.m.c.i.embedder.EclipseLogger - Using 'UTF-8' encoding to copy filtered resources.
2019-05-01 17:47:06,509 [Worker-42: Building workspace] INFO  o.e.m.c.i.embedder.EclipseLogger - Copying 0 resource
2019-05-01 17:47:06,510 [Worker-42: Building workspace] INFO  o.e.m.c.i.embedder.EclipseLogger - Using 'UTF-8' encoding to copy filtered resources.
2019-05-01 17:47:06,511 [Worker-42: Building workspace] INFO  o.e.m.c.i.embedder.EclipseLogger - Copying 0 resource
2019-05-01 17:47:07,766 [Worker-41: Launching jmjrst.main] INFO  o.e.m.i.launch.MavenLaunchDelegate - D:\Dokumente\Studienmaterial\SWT1\Workspace\iMage\jmjrst.main
2019-05-01 17:47:07,766 [Worker-41: Launching jmjrst.main] INFO  o.e.m.i.launch.MavenLaunchDelegate -  mvn -B package
2019-05-01 17:55:32,979 [Worker-38: Building workspace] INFO  o.e.m.c.i.embedder.EclipseLogger - Using 'UTF-8' encoding to copy filtered resources.
2019-05-01 17:55:32,980 [Worker-38: Building workspace] INFO  o.e.m.c.i.embedder.EclipseLogger - Copying 0 resource
2019-05-01 17:55:32,980 [Worker-38: Building workspace] INFO  o.e.m.c.i.embedder.EclipseLogger - Using 'UTF-8' encoding to copy filtered resources.
2019-05-01 17:55:32,980 [Worker-38: Building workspace] INFO  o.e.m.c.i.embedder.EclipseLogger - Copying 0 resource
2019-05-01 17:55:33,935 [Worker-42: Launching jmjrst.main] INFO  o.e.m.i.launch.MavenLaunchDelegate - D:\Dokumente\Studienmaterial\SWT1\Workspace\iMage\jmjrst.main
2019-05-01 17:55:33,935 [Worker-42: Launching jmjrst.main] INFO  o.e.m.i.launch.MavenLaunchDelegate -  mvn -B package
2019-05-01 20:17:42,322 [Worker-50: Building workspace] INFO  o.e.m.c.i.embedder.EclipseLogger - Using 'UTF-8' encoding to copy filtered resources.
2019-05-01 20:17:42,323 [Worker-50: Building workspace] INFO  o.e.m.c.i.embedder.EclipseLogger - Copying 0 resource
2019-05-01 20:17:42,324 [Worker-50: Building workspace] INFO  o.e.m.c.i.embedder.EclipseLogger - Using 'UTF-8' encoding to copy filtered resources.
2019-05-01 20:17:42,324 [Worker-50: Building workspace] INFO  o.e.m.c.i.embedder.EclipseLogger - Copying 0 resource
2019-05-01 20:18:13,362 [Worker-50: Building workspace] INFO  o.e.m.c.i.embedder.EclipseLogger - Using 'UTF-8' encoding to copy filtered resources.
2019-05-01 20:18:13,362 [Worker-50: Building workspace] INFO  o.e.m.c.i.embedder.EclipseLogger - Copying 0 resource
2019-05-01 20:18:13,364 [Worker-50: Building workspace] INFO  o.e.m.c.i.embedder.EclipseLogger - Using 'UTF-8' encoding to copy filtered resources.
2019-05-01 20:18:13,364 [Worker-50: Building workspace] INFO  o.e.m.c.i.embedder.EclipseLogger - Copying 0 resource
2019-05-01 20:19:24,429 [Worker-48: Building workspace] ERROR o.e.m.c.i.p.r.ProjectRegistryManager - Could not read pom.xml
org.eclipse.core.runtime.CoreException: Could not read pom.xml
	at org.eclipse.m2e.core.internal.embedder.MavenImpl.readModel(MavenImpl.java:559) ~[na:na]
	at org.eclipse.m2e.core.internal.embedder.MavenImpl.readModel(MavenImpl.java:568) ~[na:na]
	at org.eclipse.m2e.core.internal.project.registry.ProjectRegistryManager.refreshPhase2(ProjectRegistryManager.java:537) ~[na:na]
	at org.eclipse.m2e.core.internal.project.registry.ProjectRegistryManager.refresh(ProjectRegistryManager.java:493) ~[na:na]
	at org.eclipse.m2e.core.internal.project.registry.ProjectRegistryManager.refresh(ProjectRegistryManager.java:349) ~[na:na]
	at org.eclipse.m2e.core.internal.project.registry.ProjectRegistryManager.refresh(ProjectRegistryManager.java:296) ~[na:na]
	at org.eclipse.m2e.core.internal.builder.MavenBuilder$BuildMethod.getProjectFacade(MavenBuilder.java:155) ~[na:na]
	at org.eclipse.m2e.core.internal.builder.MavenBuilder$BuildMethod$1.call(MavenBuilder.java:90) ~[na:na]
	at org.eclipse.m2e.core.internal.embedder.MavenExecutionContext.executeBare(MavenExecutionContext.java:177) ~[na:na]
	at org.eclipse.m2e.core.internal.embedder.MavenExecutionContext.execute(MavenExecutionContext.java:151) ~[na:na]
	at org.eclipse.m2e.core.internal.embedder.MavenExecutionContext.execute(MavenExecutionContext.java:99) ~[na:na]
	at org.eclipse.m2e.core.internal.builder.MavenBuilder$BuildMethod.execute(MavenBuilder.java:87) ~[na:na]
	at org.eclipse.m2e.core.internal.builder.MavenBuilder.build(MavenBuilder.java:201) ~[na:na]
	at org.eclipse.core.internal.events.BuildManager$2.run(BuildManager.java:833) ~[na:na]
	at org.eclipse.core.runtime.SafeRunner.run(SafeRunner.java:45) ~[org.eclipse.equinox.common_3.10.300.v20190218-2100.jar:na]
	at org.eclipse.core.internal.events.BuildManager.basicBuild(BuildManager.java:220) ~[na:na]
	at org.eclipse.core.internal.events.BuildManager.basicBuild(BuildManager.java:263) ~[na:na]
	at org.eclipse.core.internal.events.BuildManager$1.run(BuildManager.java:316) ~[na:na]
	at org.eclipse.core.runtime.SafeRunner.run(SafeRunner.java:45) ~[org.eclipse.equinox.common_3.10.300.v20190218-2100.jar:na]
	at org.eclipse.core.internal.events.BuildManager.basicBuild(BuildManager.java:319) ~[na:na]
	at org.eclipse.core.internal.events.BuildManager.basicBuildLoop(BuildManager.java:371) ~[na:na]
	at org.eclipse.core.internal.events.BuildManager.build(BuildManager.java:392) ~[na:na]
	at org.eclipse.core.internal.events.AutoBuildJob.doBuild(AutoBuildJob.java:154) ~[na:na]
	at org.eclipse.core.internal.events.AutoBuildJob.run(AutoBuildJob.java:244) ~[na:na]
	at org.eclipse.core.internal.jobs.Worker.run(Worker.java:63) ~[org.eclipse.core.jobs_3.10.300.v20190215-2048.jar:na]
Caused by: org.apache.maven.model.io.ModelParseException: start tag not allowed in epilog but got p (position: END_TAG seen ...</artifactId>\r\n</project>\r\n\r\n  <p... @12:5) 
	at org.apache.maven.model.io.DefaultModelReader.read(DefaultModelReader.java:114) ~[na:na]
	at org.apache.maven.model.io.DefaultModelReader.read(DefaultModelReader.java:82) ~[na:na]
	at org.eclipse.m2e.core.internal.embedder.MavenImpl.readModel(MavenImpl.java:557) ~[na:na]
	... 24 common frames omitted
Caused by: org.codehaus.plexus.util.xml.pull.XmlPullParserException: start tag not allowed in epilog but got p (position: END_TAG seen ...</artifactId>\r\n</project>\r\n\r\n  <p... @12:5) 
	at org.codehaus.plexus.util.xml.pull.MXParser.parseEpilog(MXParser.java:1957) ~[na:na]
	at org.codehaus.plexus.util.xml.pull.MXParser.nextImpl(MXParser.java:1694) ~[na:na]
	at org.codehaus.plexus.util.xml.pull.MXParser.next(MXParser.java:1317) ~[na:na]
	at org.apache.maven.model.io.xpp3.MavenXpp3Reader.read(MavenXpp3Reader.java:3856) ~[na:na]
	at org.apache.maven.model.io.xpp3.MavenXpp3Reader.read(MavenXpp3Reader.java:595) ~[na:na]
	at org.apache.maven.model.io.DefaultModelReader.read(DefaultModelReader.java:109) ~[na:na]
	... 26 common frames omitted
2019-05-01 20:19:41,481 [Worker-51: Building workspace] INFO  o.e.m.c.i.l.LifecycleMappingFactory - Using org.eclipse.m2e.jdt.JarLifecycleMapping lifecycle mapping for MavenProject: swt1.ub1.a1:jmjrst.main:0.0.1-SNAPSHOT @ D:\Dokumente\Studienmaterial\SWT1\Workspace\iMage\jmjrst.main\pom.xml.
2019-05-01 20:19:41,789 [Worker-51: Building workspace] INFO  o.e.m.c.i.embedder.EclipseLogger - Using 'UTF-8' encoding to copy filtered resources.
2019-05-01 20:19:41,791 [Worker-51: Building workspace] INFO  o.e.m.c.i.embedder.EclipseLogger - Copying 0 resource
2019-05-01 20:19:41,794 [Worker-51: Building workspace] INFO  o.e.m.c.i.embedder.EclipseLogger - Using 'UTF-8' encoding to copy filtered resources.
2019-05-01 20:19:41,795 [Worker-51: Building workspace] INFO  o.e.m.c.i.embedder.EclipseLogger - Copying 0 resource
2019-05-01 20:19:57,423 [Worker-50: Building workspace] INFO  o.e.m.c.i.l.LifecycleMappingFactory - Using org.eclipse.m2e.jdt.JarLifecycleMapping lifecycle mapping for MavenProject: swt1.ub1.a1:jmjrst.main:0.0.1-SNAPSHOT @ D:\Dokumente\Studienmaterial\SWT1\Workspace\iMage\jmjrst.main\pom.xml.
2019-05-01 20:19:57,576 [Worker-50: Building workspace] INFO  o.e.m.c.i.embedder.EclipseLogger - Using 'UTF-8' encoding to copy filtered resources.
2019-05-01 20:19:57,577 [Worker-50: Building workspace] INFO  o.e.m.c.i.embedder.EclipseLogger - Copying 0 resource
2019-05-01 20:19:57,580 [Worker-50: Building workspace] INFO  o.e.m.c.i.embedder.EclipseLogger - Using 'UTF-8' encoding to copy filtered resources.
2019-05-01 20:19:57,580 [Worker-50: Building workspace] INFO  o.e.m.c.i.embedder.EclipseLogger - Copying 0 resource
2019-05-01 20:22:38,399 [Worker-38: Building workspace] INFO  o.e.m.c.i.l.LifecycleMappingFactory - Using org.eclipse.m2e.jdt.JarLifecycleMapping lifecycle mapping for MavenProject: swt1.ub1.a1:jmjrst.main:0.0.1-SNAPSHOT @ D:\Dokumente\Studienmaterial\SWT1\Workspace\iMage\jmjrst.main\pom.xml.
2019-05-01 20:22:38,527 [Worker-38: Building workspace] INFO  o.e.m.c.i.embedder.EclipseLogger - Using 'UTF-8' encoding to copy filtered resources.
2019-05-01 20:22:38,529 [Worker-38: Building workspace] INFO  o.e.m.c.i.embedder.EclipseLogger - Copying 0 resource
2019-05-01 20:22:38,531 [Worker-38: Building workspace] INFO  o.e.m.c.i.embedder.EclipseLogger - Using 'UTF-8' encoding to copy filtered resources.
2019-05-01 20:22:38,533 [Worker-38: Building workspace] INFO  o.e.m.c.i.embedder.EclipseLogger - Copying 0 resource
2019-05-02 09:59:19,399 [Worker-2: Loading available Gradle versions] INFO  o.e.b.c.i.u.g.PublishedGradleVersions - Gradle version information cache is up-to-date. Trying to read.
2019-05-02 10:13:09,790 [Worker-18: Launching jmjrst.main] INFO  o.e.m.i.launch.MavenLaunchDelegate - D:\Dokumente\Studienmaterial\SWT1\Workspace\iMage\jmjrst.main
2019-05-02 10:13:09,808 [Worker-18: Launching jmjrst.main] INFO  o.e.m.i.launch.MavenLaunchDelegate -  mvn -B package
2019-05-02 10:13:11,126 [Worker-11: Building workspace] INFO  o.e.m.c.i.l.LifecycleMappingFactory - Using org.eclipse.m2e.jdt.JarLifecycleMapping lifecycle mapping for MavenProject: swt1.ub1.a1:jmjrst.main:0.0.1-SNAPSHOT @ D:\Dokumente\Studienmaterial\SWT1\Workspace\iMage\jmjrst.main\pom.xml.
2019-05-02 10:13:11,381 [Worker-11: Building workspace] INFO  o.e.m.c.i.embedder.EclipseLogger - Using 'UTF-8' encoding to copy filtered resources.
2019-05-02 10:13:11,389 [Worker-11: Building workspace] INFO  o.e.m.c.i.embedder.EclipseLogger - Copying 20 resources
2019-05-02 10:13:11,417 [Worker-11: Building workspace] INFO  o.e.m.c.i.embedder.EclipseLogger - Using 'UTF-8' encoding to copy filtered resources.
2019-05-02 10:13:11,417 [Worker-11: Building workspace] INFO  o.e.m.c.i.embedder.EclipseLogger - Copying 1 resource
2019-05-02 10:15:05,118 [Worker-19: Launching jmjrst.main] INFO  o.e.m.i.launch.MavenLaunchDelegate - D:\Dokumente\Studienmaterial\SWT1\Workspace\iMage\jmjrst.main
2019-05-02 10:15:05,145 [Worker-19: Launching jmjrst.main] INFO  o.e.m.i.launch.MavenLaunchDelegate -  mvn -B package
2019-05-02 10:38:21,033 [Worker-22: Launching jmjrst.main] INFO  o.e.m.i.launch.MavenLaunchDelegate - D:\Dokumente\Studienmaterial\SWT1\Workspace\iMage\jmjrst.main
2019-05-02 10:38:21,033 [Worker-22: Launching jmjrst.main] INFO  o.e.m.i.launch.MavenLaunchDelegate -  mvn -B package
2019-05-02 10:38:49,820 [Worker-22: Launching jmjrst.main] INFO  o.e.m.i.launch.MavenLaunchDelegate - D:\Dokumente\Studienmaterial\SWT1\Workspace\iMage\jmjrst.main
2019-05-02 10:38:49,820 [Worker-22: Launching jmjrst.main] INFO  o.e.m.i.launch.MavenLaunchDelegate -  mvn -B package
2019-05-02 10:42:29,474 [Worker-18: Launching jmjrst.main] INFO  o.e.m.i.launch.MavenLaunchDelegate - D:\Dokumente\Studienmaterial\SWT1\Workspace\iMage\jmjrst.main
2019-05-02 10:42:29,475 [Worker-18: Launching jmjrst.main] INFO  o.e.m.i.launch.MavenLaunchDelegate -  mvn -B package
2019-05-02 10:44:02,592 [main] ERROR o.e.m2e.actions.ExecutePomAction - Skipping launch configuration checkstyle
org.eclipse.core.runtime.CoreException: Variable references non-existent resource : ${workspace_loc:/lez-test-dummy}
	at org.eclipse.debug.internal.core.variables.WorkspaceResolver.resolveValue(WorkspaceResolver.java:69) ~[na:na]
	at org.eclipse.core.internal.variables.DynamicVariable.getValue(DynamicVariable.java:59) ~[na:na]
	at org.eclipse.core.internal.variables.StringSubstitutionEngine.resolve(StringSubstitutionEngine.java:272) ~[na:na]
	at org.eclipse.core.internal.variables.StringSubstitutionEngine.substitute(StringSubstitutionEngine.java:195) ~[na:na]
	at org.eclipse.core.internal.variables.StringSubstitutionEngine.performStringSubstitution(StringSubstitutionEngine.java:90) ~[na:na]
	at org.eclipse.core.internal.variables.StringVariableManager.performStringSubstitution(StringVariableManager.java:595) ~[na:na]
	at org.eclipse.core.internal.variables.StringVariableManager.performStringSubstitution(StringVariableManager.java:361) ~[na:na]
	at org.eclipse.m2e.internal.launch.LaunchingUtils.substituteVar(LaunchingUtils.java:28) ~[na:na]
	at org.eclipse.m2e.actions.ExecutePomAction.getLaunchConfiguration(ExecutePomAction.java:290) ~[na:na]
	at org.eclipse.m2e.actions.ExecutePomAction.launch(ExecutePomAction.java:138) ~[na:na]
	at org.eclipse.m2e.actions.ExecutePomAction.launch(ExecutePomAction.java:95) ~[na:na]
	at org.eclipse.debug.internal.ui.launchConfigurations.LaunchShortcutExtension.launch(LaunchShortcutExtension.java:423) ~[na:na]
	at org.eclipse.debug.internal.ui.actions.LaunchShortcutAction.runInternal(LaunchShortcutAction.java:83) ~[na:na]
	at org.eclipse.debug.internal.ui.actions.LaunchShortcutAction.runWithEvent(LaunchShortcutAction.java:138) ~[na:na]
	at org.eclipse.jface.action.ActionContributionItem.handleWidgetSelection(ActionContributionItem.java:568) ~[org.eclipse.jface_3.15.100.v20190222-1334.jar:na]
	at org.eclipse.jface.action.ActionContributionItem.lambda$4(ActionContributionItem.java:400) ~[org.eclipse.jface_3.15.100.v20190222-1334.jar:na]
	at org.eclipse.swt.widgets.EventTable.sendEvent(EventTable.java:89) ~[org.eclipse.swt.win32.win32.x86_64_3.110.0.v20190305-0602.jar:na]
	at org.eclipse.swt.widgets.Display.sendEvent(Display.java:4131) ~[org.eclipse.swt.win32.win32.x86_64_3.110.0.v20190305-0602.jar:na]
	at org.eclipse.swt.widgets.Widget.sendEvent(Widget.java:1055) ~[org.eclipse.swt.win32.win32.x86_64_3.110.0.v20190305-0602.jar:na]
	at org.eclipse.swt.widgets.Widget.sendEvent(Widget.java:1079) ~[org.eclipse.swt.win32.win32.x86_64_3.110.0.v20190305-0602.jar:na]
	at org.eclipse.swt.widgets.Widget.sendEvent(Widget.java:1064) ~[org.eclipse.swt.win32.win32.x86_64_3.110.0.v20190305-0602.jar:na]
	at org.eclipse.swt.widgets.Widget.notifyListeners(Widget.java:778) ~[org.eclipse.swt.win32.win32.x86_64_3.110.0.v20190305-0602.jar:na]
	at org.eclipse.jface.action.ActionContributionItem.lambda$8(ActionContributionItem.java:1260) ~[org.eclipse.jface_3.15.100.v20190222-1334.jar:na]
	at org.eclipse.swt.widgets.EventTable.sendEvent(EventTable.java:89) ~[org.eclipse.swt.win32.win32.x86_64_3.110.0.v20190305-0602.jar:na]
	at org.eclipse.swt.widgets.Display.sendEvent(Display.java:4131) ~[org.eclipse.swt.win32.win32.x86_64_3.110.0.v20190305-0602.jar:na]
	at org.eclipse.swt.widgets.Widget.sendEvent(Widget.java:1055) ~[org.eclipse.swt.win32.win32.x86_64_3.110.0.v20190305-0602.jar:na]
	at org.eclipse.swt.widgets.Display.runDeferredEvents(Display.java:3944) ~[org.eclipse.swt.win32.win32.x86_64_3.110.0.v20190305-0602.jar:na]
	at org.eclipse.swt.widgets.Display.readAndDispatch(Display.java:3547) ~[org.eclipse.swt.win32.win32.x86_64_3.110.0.v20190305-0602.jar:na]
	at org.eclipse.e4.ui.internal.workbench.swt.PartRenderingEngine$5.run(PartRenderingEngine.java:1173) ~[na:na]
	at org.eclipse.core.databinding.observable.Realm.runWithDefault(Realm.java:338) ~[na:na]
	at org.eclipse.e4.ui.internal.workbench.swt.PartRenderingEngine.run(PartRenderingEngine.java:1062) ~[na:na]
	at org.eclipse.e4.ui.internal.workbench.E4Workbench.createAndRunUI(E4Workbench.java:155) ~[na:na]
	at org.eclipse.ui.internal.Workbench.lambda$3(Workbench.java:644) ~[na:na]
	at org.eclipse.core.databinding.observable.Realm.runWithDefault(Realm.java:338) ~[na:na]
	at org.eclipse.ui.internal.Workbench.createAndRunWorkbench(Workbench.java:566) ~[na:na]
	at org.eclipse.ui.PlatformUI.createAndRunWorkbench(PlatformUI.java:150) ~[na:na]
	at org.eclipse.ui.internal.ide.application.IDEApplication.start(IDEApplication.java:155) ~[na:na]
	at org.eclipse.equinox.internal.app.EclipseAppHandle.run(EclipseAppHandle.java:203) ~[org.eclipse.equinox.app_1.4.100.v20190215-2139.jar:na]
	at org.eclipse.core.runtime.internal.adaptor.EclipseAppLauncher.runApplication(EclipseAppLauncher.java:137) ~[org.eclipse.osgi_3.13.300.v20190218-1622.jar:na]
	at org.eclipse.core.runtime.internal.adaptor.EclipseAppLauncher.start(EclipseAppLauncher.java:107) ~[org.eclipse.osgi_3.13.300.v20190218-1622.jar:na]
	at org.eclipse.core.runtime.adaptor.EclipseStarter.run(EclipseStarter.java:400) ~[org.eclipse.osgi_3.13.300.v20190218-1622.jar:na]
	at org.eclipse.core.runtime.adaptor.EclipseStarter.run(EclipseStarter.java:255) ~[org.eclipse.osgi_3.13.300.v20190218-1622.jar:na]
	at java.base/jdk.internal.reflect.NativeMethodAccessorImpl.invoke0(Native Method) ~[na:na]
	at java.base/jdk.internal.reflect.NativeMethodAccessorImpl.invoke(NativeMethodAccessorImpl.java:62) ~[na:na]
	at java.base/jdk.internal.reflect.DelegatingMethodAccessorImpl.invoke(DelegatingMethodAccessorImpl.java:43) ~[na:na]
	at java.base/java.lang.reflect.Method.invoke(Method.java:566) ~[na:na]
	at org.eclipse.equinox.launcher.Main.invokeFramework(Main.java:661) ~[org.eclipse.equinox.launcher_1.5.300.v20190213-1655.jar:na]
	at org.eclipse.equinox.launcher.Main.basicRun(Main.java:597) ~[org.eclipse.equinox.launcher_1.5.300.v20190213-1655.jar:na]
	at org.eclipse.equinox.launcher.Main.run(Main.java:1476) ~[org.eclipse.equinox.launcher_1.5.300.v20190213-1655.jar:na]
2019-05-02 10:44:02,596 [main] ERROR o.e.m2e.actions.ExecutePomAction - Skipping launch configuration integration-test
org.eclipse.core.runtime.CoreException: Variable references non-existent resource : ${workspace_loc:/lez-test-dummy}
	at org.eclipse.debug.internal.core.variables.WorkspaceResolver.resolveValue(WorkspaceResolver.java:69) ~[na:na]
	at org.eclipse.core.internal.variables.DynamicVariable.getValue(DynamicVariable.java:59) ~[na:na]
	at org.eclipse.core.internal.variables.StringSubstitutionEngine.resolve(StringSubstitutionEngine.java:272) ~[na:na]
	at org.eclipse.core.internal.variables.StringSubstitutionEngine.substitute(StringSubstitutionEngine.java:195) ~[na:na]
	at org.eclipse.core.internal.variables.StringSubstitutionEngine.performStringSubstitution(StringSubstitutionEngine.java:90) ~[na:na]
	at org.eclipse.core.internal.variables.StringVariableManager.performStringSubstitution(StringVariableManager.java:595) ~[na:na]
	at org.eclipse.core.internal.variables.StringVariableManager.performStringSubstitution(StringVariableManager.java:361) ~[na:na]
	at org.eclipse.m2e.internal.launch.LaunchingUtils.substituteVar(LaunchingUtils.java:28) ~[na:na]
	at org.eclipse.m2e.actions.ExecutePomAction.getLaunchConfiguration(ExecutePomAction.java:290) ~[na:na]
	at org.eclipse.m2e.actions.ExecutePomAction.launch(ExecutePomAction.java:138) ~[na:na]
	at org.eclipse.m2e.actions.ExecutePomAction.launch(ExecutePomAction.java:95) ~[na:na]
	at org.eclipse.debug.internal.ui.launchConfigurations.LaunchShortcutExtension.launch(LaunchShortcutExtension.java:423) ~[na:na]
	at org.eclipse.debug.internal.ui.actions.LaunchShortcutAction.runInternal(LaunchShortcutAction.java:83) ~[na:na]
	at org.eclipse.debug.internal.ui.actions.LaunchShortcutAction.runWithEvent(LaunchShortcutAction.java:138) ~[na:na]
	at org.eclipse.jface.action.ActionContributionItem.handleWidgetSelection(ActionContributionItem.java:568) ~[org.eclipse.jface_3.15.100.v20190222-1334.jar:na]
	at org.eclipse.jface.action.ActionContributionItem.lambda$4(ActionContributionItem.java:400) ~[org.eclipse.jface_3.15.100.v20190222-1334.jar:na]
	at org.eclipse.swt.widgets.EventTable.sendEvent(EventTable.java:89) ~[org.eclipse.swt.win32.win32.x86_64_3.110.0.v20190305-0602.jar:na]
	at org.eclipse.swt.widgets.Display.sendEvent(Display.java:4131) ~[org.eclipse.swt.win32.win32.x86_64_3.110.0.v20190305-0602.jar:na]
	at org.eclipse.swt.widgets.Widget.sendEvent(Widget.java:1055) ~[org.eclipse.swt.win32.win32.x86_64_3.110.0.v20190305-0602.jar:na]
	at org.eclipse.swt.widgets.Widget.sendEvent(Widget.java:1079) ~[org.eclipse.swt.win32.win32.x86_64_3.110.0.v20190305-0602.jar:na]
	at org.eclipse.swt.widgets.Widget.sendEvent(Widget.java:1064) ~[org.eclipse.swt.win32.win32.x86_64_3.110.0.v20190305-0602.jar:na]
	at org.eclipse.swt.widgets.Widget.notifyListeners(Widget.java:778) ~[org.eclipse.swt.win32.win32.x86_64_3.110.0.v20190305-0602.jar:na]
	at org.eclipse.jface.action.ActionContributionItem.lambda$8(ActionContributionItem.java:1260) ~[org.eclipse.jface_3.15.100.v20190222-1334.jar:na]
	at org.eclipse.swt.widgets.EventTable.sendEvent(EventTable.java:89) ~[org.eclipse.swt.win32.win32.x86_64_3.110.0.v20190305-0602.jar:na]
	at org.eclipse.swt.widgets.Display.sendEvent(Display.java:4131) ~[org.eclipse.swt.win32.win32.x86_64_3.110.0.v20190305-0602.jar:na]
	at org.eclipse.swt.widgets.Widget.sendEvent(Widget.java:1055) ~[org.eclipse.swt.win32.win32.x86_64_3.110.0.v20190305-0602.jar:na]
	at org.eclipse.swt.widgets.Display.runDeferredEvents(Display.java:3944) ~[org.eclipse.swt.win32.win32.x86_64_3.110.0.v20190305-0602.jar:na]
	at org.eclipse.swt.widgets.Display.readAndDispatch(Display.java:3547) ~[org.eclipse.swt.win32.win32.x86_64_3.110.0.v20190305-0602.jar:na]
	at org.eclipse.e4.ui.internal.workbench.swt.PartRenderingEngine$5.run(PartRenderingEngine.java:1173) ~[na:na]
	at org.eclipse.core.databinding.observable.Realm.runWithDefault(Realm.java:338) ~[na:na]
	at org.eclipse.e4.ui.internal.workbench.swt.PartRenderingEngine.run(PartRenderingEngine.java:1062) ~[na:na]
	at org.eclipse.e4.ui.internal.workbench.E4Workbench.createAndRunUI(E4Workbench.java:155) ~[na:na]
	at org.eclipse.ui.internal.Workbench.lambda$3(Workbench.java:644) ~[na:na]
	at org.eclipse.core.databinding.observable.Realm.runWithDefault(Realm.java:338) ~[na:na]
	at org.eclipse.ui.internal.Workbench.createAndRunWorkbench(Workbench.java:566) ~[na:na]
	at org.eclipse.ui.PlatformUI.createAndRunWorkbench(PlatformUI.java:150) ~[na:na]
	at org.eclipse.ui.internal.ide.application.IDEApplication.start(IDEApplication.java:155) ~[na:na]
	at org.eclipse.equinox.internal.app.EclipseAppHandle.run(EclipseAppHandle.java:203) ~[org.eclipse.equinox.app_1.4.100.v20190215-2139.jar:na]
	at org.eclipse.core.runtime.internal.adaptor.EclipseAppLauncher.runApplication(EclipseAppLauncher.java:137) ~[org.eclipse.osgi_3.13.300.v20190218-1622.jar:na]
	at org.eclipse.core.runtime.internal.adaptor.EclipseAppLauncher.start(EclipseAppLauncher.java:107) ~[org.eclipse.osgi_3.13.300.v20190218-1622.jar:na]
	at org.eclipse.core.runtime.adaptor.EclipseStarter.run(EclipseStarter.java:400) ~[org.eclipse.osgi_3.13.300.v20190218-1622.jar:na]
	at org.eclipse.core.runtime.adaptor.EclipseStarter.run(EclipseStarter.java:255) ~[org.eclipse.osgi_3.13.300.v20190218-1622.jar:na]
	at java.base/jdk.internal.reflect.NativeMethodAccessorImpl.invoke0(Native Method) ~[na:na]
	at java.base/jdk.internal.reflect.NativeMethodAccessorImpl.invoke(NativeMethodAccessorImpl.java:62) ~[na:na]
	at java.base/jdk.internal.reflect.DelegatingMethodAccessorImpl.invoke(DelegatingMethodAccessorImpl.java:43) ~[na:na]
	at java.base/java.lang.reflect.Method.invoke(Method.java:566) ~[na:na]
	at org.eclipse.equinox.launcher.Main.invokeFramework(Main.java:661) ~[org.eclipse.equinox.launcher_1.5.300.v20190213-1655.jar:na]
	at org.eclipse.equinox.launcher.Main.basicRun(Main.java:597) ~[org.eclipse.equinox.launcher_1.5.300.v20190213-1655.jar:na]
	at org.eclipse.equinox.launcher.Main.run(Main.java:1476) ~[org.eclipse.equinox.launcher_1.5.300.v20190213-1655.jar:na]
2019-05-02 10:44:02,599 [main] ERROR o.e.m2e.actions.ExecutePomAction - Skipping launch configuration checkstyle
org.eclipse.core.runtime.CoreException: Variable references non-existent resource : ${workspace_loc:/lez-test-dummy}
	at org.eclipse.debug.internal.core.variables.WorkspaceResolver.resolveValue(WorkspaceResolver.java:69) ~[na:na]
	at org.eclipse.core.internal.variables.DynamicVariable.getValue(DynamicVariable.java:59) ~[na:na]
	at org.eclipse.core.internal.variables.StringSubstitutionEngine.resolve(StringSubstitutionEngine.java:272) ~[na:na]
	at org.eclipse.core.internal.variables.StringSubstitutionEngine.substitute(StringSubstitutionEngine.java:195) ~[na:na]
	at org.eclipse.core.internal.variables.StringSubstitutionEngine.performStringSubstitution(StringSubstitutionEngine.java:90) ~[na:na]
	at org.eclipse.core.internal.variables.StringVariableManager.performStringSubstitution(StringVariableManager.java:595) ~[na:na]
	at org.eclipse.core.internal.variables.StringVariableManager.performStringSubstitution(StringVariableManager.java:361) ~[na:na]
	at org.eclipse.m2e.internal.launch.LaunchingUtils.substituteVar(LaunchingUtils.java:28) ~[na:na]
	at org.eclipse.m2e.actions.ExecutePomAction.getLaunchConfiguration(ExecutePomAction.java:290) ~[na:na]
	at org.eclipse.m2e.actions.ExecutePomAction.launch(ExecutePomAction.java:138) ~[na:na]
	at org.eclipse.m2e.actions.ExecutePomAction.launch(ExecutePomAction.java:95) ~[na:na]
	at org.eclipse.debug.internal.ui.launchConfigurations.LaunchShortcutExtension.launch(LaunchShortcutExtension.java:423) ~[na:na]
	at org.eclipse.debug.internal.ui.actions.LaunchShortcutAction.runInternal(LaunchShortcutAction.java:83) ~[na:na]
	at org.eclipse.debug.internal.ui.actions.LaunchShortcutAction.runWithEvent(LaunchShortcutAction.java:138) ~[na:na]
	at org.eclipse.jface.action.ActionContributionItem.handleWidgetSelection(ActionContributionItem.java:568) ~[org.eclipse.jface_3.15.100.v20190222-1334.jar:na]
	at org.eclipse.jface.action.ActionContributionItem.lambda$4(ActionContributionItem.java:400) ~[org.eclipse.jface_3.15.100.v20190222-1334.jar:na]
	at org.eclipse.swt.widgets.EventTable.sendEvent(EventTable.java:89) ~[org.eclipse.swt.win32.win32.x86_64_3.110.0.v20190305-0602.jar:na]
	at org.eclipse.swt.widgets.Display.sendEvent(Display.java:4131) ~[org.eclipse.swt.win32.win32.x86_64_3.110.0.v20190305-0602.jar:na]
	at org.eclipse.swt.widgets.Widget.sendEvent(Widget.java:1055) ~[org.eclipse.swt.win32.win32.x86_64_3.110.0.v20190305-0602.jar:na]
	at org.eclipse.swt.widgets.Widget.sendEvent(Widget.java:1079) ~[org.eclipse.swt.win32.win32.x86_64_3.110.0.v20190305-0602.jar:na]
	at org.eclipse.swt.widgets.Widget.sendEvent(Widget.java:1064) ~[org.eclipse.swt.win32.win32.x86_64_3.110.0.v20190305-0602.jar:na]
	at org.eclipse.swt.widgets.Widget.notifyListeners(Widget.java:778) ~[org.eclipse.swt.win32.win32.x86_64_3.110.0.v20190305-0602.jar:na]
	at org.eclipse.jface.action.ActionContributionItem.lambda$8(ActionContributionItem.java:1260) ~[org.eclipse.jface_3.15.100.v20190222-1334.jar:na]
	at org.eclipse.swt.widgets.EventTable.sendEvent(EventTable.java:89) ~[org.eclipse.swt.win32.win32.x86_64_3.110.0.v20190305-0602.jar:na]
	at org.eclipse.swt.widgets.Display.sendEvent(Display.java:4131) ~[org.eclipse.swt.win32.win32.x86_64_3.110.0.v20190305-0602.jar:na]
	at org.eclipse.swt.widgets.Widget.sendEvent(Widget.java:1055) ~[org.eclipse.swt.win32.win32.x86_64_3.110.0.v20190305-0602.jar:na]
	at org.eclipse.swt.widgets.Display.runDeferredEvents(Display.java:3944) ~[org.eclipse.swt.win32.win32.x86_64_3.110.0.v20190305-0602.jar:na]
	at org.eclipse.swt.widgets.Display.readAndDispatch(Display.java:3547) ~[org.eclipse.swt.win32.win32.x86_64_3.110.0.v20190305-0602.jar:na]
	at org.eclipse.e4.ui.internal.workbench.swt.PartRenderingEngine$5.run(PartRenderingEngine.java:1173) ~[na:na]
	at org.eclipse.core.databinding.observable.Realm.runWithDefault(Realm.java:338) ~[na:na]
	at org.eclipse.e4.ui.internal.workbench.swt.PartRenderingEngine.run(PartRenderingEngine.java:1062) ~[na:na]
	at org.eclipse.e4.ui.internal.workbench.E4Workbench.createAndRunUI(E4Workbench.java:155) ~[na:na]
	at org.eclipse.ui.internal.Workbench.lambda$3(Workbench.java:644) ~[na:na]
	at org.eclipse.core.databinding.observable.Realm.runWithDefault(Realm.java:338) ~[na:na]
	at org.eclipse.ui.internal.Workbench.createAndRunWorkbench(Workbench.java:566) ~[na:na]
	at org.eclipse.ui.PlatformUI.createAndRunWorkbench(PlatformUI.java:150) ~[na:na]
	at org.eclipse.ui.internal.ide.application.IDEApplication.start(IDEApplication.java:155) ~[na:na]
	at org.eclipse.equinox.internal.app.EclipseAppHandle.run(EclipseAppHandle.java:203) ~[org.eclipse.equinox.app_1.4.100.v20190215-2139.jar:na]
	at org.eclipse.core.runtime.internal.adaptor.EclipseAppLauncher.runApplication(EclipseAppLauncher.java:137) ~[org.eclipse.osgi_3.13.300.v20190218-1622.jar:na]
	at org.eclipse.core.runtime.internal.adaptor.EclipseAppLauncher.start(EclipseAppLauncher.java:107) ~[org.eclipse.osgi_3.13.300.v20190218-1622.jar:na]
	at org.eclipse.core.runtime.adaptor.EclipseStarter.run(EclipseStarter.java:400) ~[org.eclipse.osgi_3.13.300.v20190218-1622.jar:na]
	at org.eclipse.core.runtime.adaptor.EclipseStarter.run(EclipseStarter.java:255) ~[org.eclipse.osgi_3.13.300.v20190218-1622.jar:na]
	at java.base/jdk.internal.reflect.NativeMethodAccessorImpl.invoke0(Native Method) ~[na:na]
	at java.base/jdk.internal.reflect.NativeMethodAccessorImpl.invoke(NativeMethodAccessorImpl.java:62) ~[na:na]
	at java.base/jdk.internal.reflect.DelegatingMethodAccessorImpl.invoke(DelegatingMethodAccessorImpl.java:43) ~[na:na]
	at java.base/java.lang.reflect.Method.invoke(Method.java:566) ~[na:na]
	at org.eclipse.equinox.launcher.Main.invokeFramework(Main.java:661) ~[org.eclipse.equinox.launcher_1.5.300.v20190213-1655.jar:na]
	at org.eclipse.equinox.launcher.Main.basicRun(Main.java:597) ~[org.eclipse.equinox.launcher_1.5.300.v20190213-1655.jar:na]
	at org.eclipse.equinox.launcher.Main.run(Main.java:1476) ~[org.eclipse.equinox.launcher_1.5.300.v20190213-1655.jar:na]
2019-05-02 10:44:02,602 [main] ERROR o.e.m2e.actions.ExecutePomAction - Skipping launch configuration integration-test
org.eclipse.core.runtime.CoreException: Variable references non-existent resource : ${workspace_loc:/lez-test-dummy}
	at org.eclipse.debug.internal.core.variables.WorkspaceResolver.resolveValue(WorkspaceResolver.java:69) ~[na:na]
	at org.eclipse.core.internal.variables.DynamicVariable.getValue(DynamicVariable.java:59) ~[na:na]
	at org.eclipse.core.internal.variables.StringSubstitutionEngine.resolve(StringSubstitutionEngine.java:272) ~[na:na]
	at org.eclipse.core.internal.variables.StringSubstitutionEngine.substitute(StringSubstitutionEngine.java:195) ~[na:na]
	at org.eclipse.core.internal.variables.StringSubstitutionEngine.performStringSubstitution(StringSubstitutionEngine.java:90) ~[na:na]
	at org.eclipse.core.internal.variables.StringVariableManager.performStringSubstitution(StringVariableManager.java:595) ~[na:na]
	at org.eclipse.core.internal.variables.StringVariableManager.performStringSubstitution(StringVariableManager.java:361) ~[na:na]
	at org.eclipse.m2e.internal.launch.LaunchingUtils.substituteVar(LaunchingUtils.java:28) ~[na:na]
	at org.eclipse.m2e.actions.ExecutePomAction.getLaunchConfiguration(ExecutePomAction.java:290) ~[na:na]
	at org.eclipse.m2e.actions.ExecutePomAction.launch(ExecutePomAction.java:138) ~[na:na]
	at org.eclipse.m2e.actions.ExecutePomAction.launch(ExecutePomAction.java:95) ~[na:na]
	at org.eclipse.debug.internal.ui.launchConfigurations.LaunchShortcutExtension.launch(LaunchShortcutExtension.java:423) ~[na:na]
	at org.eclipse.debug.internal.ui.actions.LaunchShortcutAction.runInternal(LaunchShortcutAction.java:83) ~[na:na]
	at org.eclipse.debug.internal.ui.actions.LaunchShortcutAction.runWithEvent(LaunchShortcutAction.java:138) ~[na:na]
	at org.eclipse.jface.action.ActionContributionItem.handleWidgetSelection(ActionContributionItem.java:568) ~[org.eclipse.jface_3.15.100.v20190222-1334.jar:na]
	at org.eclipse.jface.action.ActionContributionItem.lambda$4(ActionContributionItem.java:400) ~[org.eclipse.jface_3.15.100.v20190222-1334.jar:na]
	at org.eclipse.swt.widgets.EventTable.sendEvent(EventTable.java:89) ~[org.eclipse.swt.win32.win32.x86_64_3.110.0.v20190305-0602.jar:na]
	at org.eclipse.swt.widgets.Display.sendEvent(Display.java:4131) ~[org.eclipse.swt.win32.win32.x86_64_3.110.0.v20190305-0602.jar:na]
	at org.eclipse.swt.widgets.Widget.sendEvent(Widget.java:1055) ~[org.eclipse.swt.win32.win32.x86_64_3.110.0.v20190305-0602.jar:na]
	at org.eclipse.swt.widgets.Widget.sendEvent(Widget.java:1079) ~[org.eclipse.swt.win32.win32.x86_64_3.110.0.v20190305-0602.jar:na]
	at org.eclipse.swt.widgets.Widget.sendEvent(Widget.java:1064) ~[org.eclipse.swt.win32.win32.x86_64_3.110.0.v20190305-0602.jar:na]
	at org.eclipse.swt.widgets.Widget.notifyListeners(Widget.java:778) ~[org.eclipse.swt.win32.win32.x86_64_3.110.0.v20190305-0602.jar:na]
	at org.eclipse.jface.action.ActionContributionItem.lambda$8(ActionContributionItem.java:1260) ~[org.eclipse.jface_3.15.100.v20190222-1334.jar:na]
	at org.eclipse.swt.widgets.EventTable.sendEvent(EventTable.java:89) ~[org.eclipse.swt.win32.win32.x86_64_3.110.0.v20190305-0602.jar:na]
	at org.eclipse.swt.widgets.Display.sendEvent(Display.java:4131) ~[org.eclipse.swt.win32.win32.x86_64_3.110.0.v20190305-0602.jar:na]
	at org.eclipse.swt.widgets.Widget.sendEvent(Widget.java:1055) ~[org.eclipse.swt.win32.win32.x86_64_3.110.0.v20190305-0602.jar:na]
	at org.eclipse.swt.widgets.Display.runDeferredEvents(Display.java:3944) ~[org.eclipse.swt.win32.win32.x86_64_3.110.0.v20190305-0602.jar:na]
	at org.eclipse.swt.widgets.Display.readAndDispatch(Display.java:3547) ~[org.eclipse.swt.win32.win32.x86_64_3.110.0.v20190305-0602.jar:na]
	at org.eclipse.e4.ui.internal.workbench.swt.PartRenderingEngine$5.run(PartRenderingEngine.java:1173) ~[na:na]
	at org.eclipse.core.databinding.observable.Realm.runWithDefault(Realm.java:338) ~[na:na]
	at org.eclipse.e4.ui.internal.workbench.swt.PartRenderingEngine.run(PartRenderingEngine.java:1062) ~[na:na]
	at org.eclipse.e4.ui.internal.workbench.E4Workbench.createAndRunUI(E4Workbench.java:155) ~[na:na]
	at org.eclipse.ui.internal.Workbench.lambda$3(Workbench.java:644) ~[na:na]
	at org.eclipse.core.databinding.observable.Realm.runWithDefault(Realm.java:338) ~[na:na]
	at org.eclipse.ui.internal.Workbench.createAndRunWorkbench(Workbench.java:566) ~[na:na]
	at org.eclipse.ui.PlatformUI.createAndRunWorkbench(PlatformUI.java:150) ~[na:na]
	at org.eclipse.ui.internal.ide.application.IDEApplication.start(IDEApplication.java:155) ~[na:na]
	at org.eclipse.equinox.internal.app.EclipseAppHandle.run(EclipseAppHandle.java:203) ~[org.eclipse.equinox.app_1.4.100.v20190215-2139.jar:na]
	at org.eclipse.core.runtime.internal.adaptor.EclipseAppLauncher.runApplication(EclipseAppLauncher.java:137) ~[org.eclipse.osgi_3.13.300.v20190218-1622.jar:na]
	at org.eclipse.core.runtime.internal.adaptor.EclipseAppLauncher.start(EclipseAppLauncher.java:107) ~[org.eclipse.osgi_3.13.300.v20190218-1622.jar:na]
	at org.eclipse.core.runtime.adaptor.EclipseStarter.run(EclipseStarter.java:400) ~[org.eclipse.osgi_3.13.300.v20190218-1622.jar:na]
	at org.eclipse.core.runtime.adaptor.EclipseStarter.run(EclipseStarter.java:255) ~[org.eclipse.osgi_3.13.300.v20190218-1622.jar:na]
	at java.base/jdk.internal.reflect.NativeMethodAccessorImpl.invoke0(Native Method) ~[na:na]
	at java.base/jdk.internal.reflect.NativeMethodAccessorImpl.invoke(NativeMethodAccessorImpl.java:62) ~[na:na]
	at java.base/jdk.internal.reflect.DelegatingMethodAccessorImpl.invoke(DelegatingMethodAccessorImpl.java:43) ~[na:na]
	at java.base/java.lang.reflect.Method.invoke(Method.java:566) ~[na:na]
	at org.eclipse.equinox.launcher.Main.invokeFramework(Main.java:661) ~[org.eclipse.equinox.launcher_1.5.300.v20190213-1655.jar:na]
	at org.eclipse.equinox.launcher.Main.basicRun(Main.java:597) ~[org.eclipse.equinox.launcher_1.5.300.v20190213-1655.jar:na]
	at org.eclipse.equinox.launcher.Main.run(Main.java:1476) ~[org.eclipse.equinox.launcher_1.5.300.v20190213-1655.jar:na]
2019-05-02 10:44:02,604 [main] INFO  o.e.m2e.actions.ExecutePomAction - Using existing launch configuration
2019-05-02 10:44:04,109 [Worker-22: Launching jmjrst.main] INFO  o.e.m.i.launch.MavenLaunchDelegate - D:\Dokumente\Studienmaterial\SWT1\Workspace\iMage\jmjrst.main
2019-05-02 10:44:04,109 [Worker-22: Launching jmjrst.main] INFO  o.e.m.i.launch.MavenLaunchDelegate -  mvn -B package
2019-05-02 10:44:04,621 [Worker-22: Building workspace] INFO  o.e.m.c.i.l.LifecycleMappingFactory - Using org.eclipse.m2e.jdt.JarLifecycleMapping lifecycle mapping for MavenProject: swt1.ub1.a1:jmjrst.main:0.0.1-SNAPSHOT @ D:\Dokumente\Studienmaterial\SWT1\Workspace\iMage\jmjrst.main\pom.xml.
2019-05-02 10:44:04,769 [Worker-22: Building workspace] INFO  o.e.m.c.i.embedder.EclipseLogger - Using 'UTF-8' encoding to copy filtered resources.
2019-05-02 10:44:04,772 [Worker-22: Building workspace] INFO  o.e.m.c.i.embedder.EclipseLogger - Copying 0 resource
2019-05-02 10:44:04,775 [Worker-22: Building workspace] INFO  o.e.m.c.i.embedder.EclipseLogger - Using 'UTF-8' encoding to copy filtered resources.
2019-05-02 10:44:04,775 [Worker-22: Building workspace] INFO  o.e.m.c.i.embedder.EclipseLogger - Copying 0 resource
2019-05-02 10:44:11,249 [Worker-11: Searching...] INFO  o.e.m.c.i.e.AbstractTransferListenerAdapter - Downloading https://repo.maven.apache.org/maven2/io/takari/m2e/workspace/org.eclipse.m2e.workspace.cli/0.3.1/org.eclipse.m2e.workspace.cli-0.3.1-sources.jar
2019-05-02 10:44:11,337 [Worker-11: Searching...] INFO  o.e.m.c.i.e.AbstractTransferListenerAdapter - Downloaded https://repo.maven.apache.org/maven2/io/takari/m2e/workspace/org.eclipse.m2e.workspace.cli/0.3.1/org.eclipse.m2e.workspace.cli-0.3.1-sources.jar
2019-05-02 10:44:11,663 [Worker-11: Searching...] INFO  o.e.m.c.i.e.AbstractTransferListenerAdapter - Downloading https://repo.maven.apache.org/maven2/org/codehaus/plexus/plexus-classworlds/2.5.2/plexus-classworlds-2.5.2-sources.jar
2019-05-02 10:44:11,740 [Worker-11: Searching...] INFO  o.e.m.c.i.e.AbstractTransferListenerAdapter - Downloaded https://repo.maven.apache.org/maven2/org/codehaus/plexus/plexus-classworlds/2.5.2/plexus-classworlds-2.5.2-sources.jar
2019-05-02 10:44:11,978 [Worker-11: Searching...] INFO  o.e.m.c.i.e.AbstractTransferListenerAdapter - Downloading https://repo.maven.apache.org/maven2/org/apache/maven/resolver/maven-resolver-util/1.1.1/maven-resolver-util-1.1.1-sources.jar
2019-05-02 10:44:12,080 [Worker-11: Searching...] INFO  o.e.m.c.i.e.AbstractTransferListenerAdapter - Downloaded https://repo.maven.apache.org/maven2/org/apache/maven/resolver/maven-resolver-util/1.1.1/maven-resolver-util-1.1.1-sources.jar
2019-05-02 10:44:12,314 [Worker-11: Searching...] INFO  o.e.m.c.i.e.AbstractTransferListenerAdapter - Downloading https://repo.maven.apache.org/maven2/org/apache/maven/maven-model/3.5.3/maven-model-3.5.3-sources.jar
2019-05-02 10:44:12,421 [Worker-11: Searching...] INFO  o.e.m.c.i.e.AbstractTransferListenerAdapter - Downloaded https://repo.maven.apache.org/maven2/org/apache/maven/maven-model/3.5.3/maven-model-3.5.3-sources.jar
2019-05-02 10:44:12,698 [Worker-11: Searching...] INFO  o.e.m.c.i.e.AbstractTransferListenerAdapter - Downloading https://repo.maven.apache.org/maven2/commons-io/commons-io/2.5/commons-io-2.5-sources.jar
2019-05-02 10:44:12,846 [Worker-11: Searching...] INFO  o.e.m.c.i.e.AbstractTransferListenerAdapter - Downloaded https://repo.maven.apache.org/maven2/commons-io/commons-io/2.5/commons-io-2.5-sources.jar
2019-05-02 10:44:13,163 [Worker-11: Searching...] INFO  o.e.m.c.i.e.AbstractTransferListenerAdapter - Downloading https://repo.maven.apache.org/maven2/commons-cli/commons-cli/1.4/commons-cli-1.4-sources.jar
2019-05-02 10:44:13,237 [Worker-11: Searching...] INFO  o.e.m.c.i.e.AbstractTransferListenerAdapter - Downloaded https://repo.maven.apache.org/maven2/commons-cli/commons-cli/1.4/commons-cli-1.4-sources.jar
2019-05-02 10:44:13,538 [Worker-11: Searching...] INFO  o.e.m.c.i.e.AbstractTransferListenerAdapter - Downloading https://repo.maven.apache.org/maven2/org/apache/maven/resolver/maven-resolver-connector-basic/1.1.1/maven-resolver-connector-basic-1.1.1-sources.jar
2019-05-02 10:44:13,629 [Worker-11: Searching...] INFO  o.e.m.c.i.e.AbstractTransferListenerAdapter - Downloaded https://repo.maven.apache.org/maven2/org/apache/maven/resolver/maven-resolver-connector-basic/1.1.1/maven-resolver-connector-basic-1.1.1-sources.jar
2019-05-02 10:44:13,849 [Worker-11: Searching...] INFO  o.e.m.c.i.e.AbstractTransferListenerAdapter - Downloading https://repo.maven.apache.org/maven2/org/apache/maven/maven-core/3.5.3/maven-core-3.5.3-sources.jar
2019-05-02 10:44:14,050 [Worker-11: Searching...] INFO  o.e.m.c.i.e.AbstractTransferListenerAdapter - Downloaded https://repo.maven.apache.org/maven2/org/apache/maven/maven-core/3.5.3/maven-core-3.5.3-sources.jar
2019-05-02 10:44:14,297 [Worker-11: Searching...] INFO  o.e.m.c.i.e.AbstractTransferListenerAdapter - Downloading https://repo.maven.apache.org/maven2/org/codehaus/plexus/plexus-interpolation/1.24/plexus-interpolation-1.24-sources.jar
2019-05-02 10:44:14,375 [Worker-11: Searching...] INFO  o.e.m.c.i.e.AbstractTransferListenerAdapter - Downloaded https://repo.maven.apache.org/maven2/org/codehaus/plexus/plexus-interpolation/1.24/plexus-interpolation-1.24-sources.jar
2019-05-02 10:44:14,602 [Worker-11: Searching...] INFO  o.e.m.c.i.e.AbstractTransferListenerAdapter - Downloading https://repo.maven.apache.org/maven2/org/sonatype/plexus/plexus-sec-dispatcher/1.4/plexus-sec-dispatcher-1.4-sources.jar
2019-05-02 10:44:14,692 [Worker-11: Searching...] INFO  o.e.m.c.i.e.AbstractTransferListenerAdapter - Downloaded https://repo.maven.apache.org/maven2/org/sonatype/plexus/plexus-sec-dispatcher/1.4/plexus-sec-dispatcher-1.4-sources.jar
2019-05-02 10:44:14,949 [Worker-11: Searching...] INFO  o.e.m.c.i.e.AbstractTransferListenerAdapter - Downloading https://repo.maven.apache.org/maven2/org/sonatype/plexus/plexus-cipher/1.7/plexus-cipher-1.7-sources.jar
2019-05-02 10:44:15,042 [Worker-11: Searching...] INFO  o.e.m.c.i.e.AbstractTransferListenerAdapter - Downloaded https://repo.maven.apache.org/maven2/org/sonatype/plexus/plexus-cipher/1.7/plexus-cipher-1.7-sources.jar
2019-05-02 10:44:15,283 [Worker-11: Searching...] INFO  o.e.m.c.i.e.AbstractTransferListenerAdapter - Downloading https://repo.maven.apache.org/maven2/org/fusesource/hawtjni/hawtjni-runtime/1.16/hawtjni-runtime-1.16-sources.jar
2019-05-02 10:44:15,334 [Worker-11: Searching...] INFO  o.e.m.c.i.e.AbstractTransferListenerAdapter - Downloaded https://repo.maven.apache.org/maven2/org/fusesource/hawtjni/hawtjni-runtime/1.16/hawtjni-runtime-1.16-sources.jar
2019-05-02 10:44:15,570 [Worker-11: Searching...] INFO  o.e.m.c.i.e.AbstractTransferListenerAdapter - Downloading https://repo.maven.apache.org/maven2/org/fusesource/jansi/jansi-freebsd32/1.8/jansi-freebsd32-1.8-sources.jar
2019-05-02 10:44:15,642 [Worker-11: Searching...] INFO  o.e.m.c.i.e.AbstractTransferListenerAdapter - Downloaded https://repo.maven.apache.org/maven2/org/fusesource/jansi/jansi-freebsd32/1.8/jansi-freebsd32-1.8-sources.jar
2019-05-02 10:44:15,878 [Worker-11: Searching...] INFO  o.e.m.c.i.e.AbstractTransferListenerAdapter - Downloading https://repo.maven.apache.org/maven2/org/fusesource/jansi/jansi-freebsd64/1.8/jansi-freebsd64-1.8-sources.jar
2019-05-02 10:44:15,965 [Worker-11: Searching...] INFO  o.e.m.c.i.e.AbstractTransferListenerAdapter - Downloaded https://repo.maven.apache.org/maven2/org/fusesource/jansi/jansi-freebsd64/1.8/jansi-freebsd64-1.8-sources.jar
2019-05-02 10:44:16,176 [Worker-11: Searching...] INFO  o.e.m.c.i.e.AbstractTransferListenerAdapter - Downloading https://repo.maven.apache.org/maven2/org/fusesource/jansi/jansi-linux32/1.8/jansi-linux32-1.8-sources.jar
2019-05-02 10:44:16,230 [Worker-11: Searching...] INFO  o.e.m.c.i.e.AbstractTransferListenerAdapter - Downloaded https://repo.maven.apache.org/maven2/org/fusesource/jansi/jansi-linux32/1.8/jansi-linux32-1.8-sources.jar
2019-05-02 10:44:16,454 [Worker-11: Searching...] INFO  o.e.m.c.i.e.AbstractTransferListenerAdapter - Downloading https://repo.maven.apache.org/maven2/org/fusesource/jansi/jansi-linux64/1.8/jansi-linux64-1.8-sources.jar
2019-05-02 10:44:16,525 [Worker-11: Searching...] INFO  o.e.m.c.i.e.AbstractTransferListenerAdapter - Downloaded https://repo.maven.apache.org/maven2/org/fusesource/jansi/jansi-linux64/1.8/jansi-linux64-1.8-sources.jar
2019-05-02 10:44:16,742 [Worker-11: Searching...] INFO  o.e.m.c.i.e.AbstractTransferListenerAdapter - Downloading https://repo.maven.apache.org/maven2/org/fusesource/jansi/jansi-native/1.8/jansi-native-1.8-sources.jar
2019-05-02 10:44:16,837 [Worker-11: Searching...] INFO  o.e.m.c.i.e.AbstractTransferListenerAdapter - Downloaded https://repo.maven.apache.org/maven2/org/fusesource/jansi/jansi-native/1.8/jansi-native-1.8-sources.jar
2019-05-02 10:44:17,060 [Worker-11: Searching...] INFO  o.e.m.c.i.e.AbstractTransferListenerAdapter - Downloading https://repo.maven.apache.org/maven2/org/fusesource/jansi/jansi-osx/1.8/jansi-osx-1.8-sources.jar
2019-05-02 10:44:17,155 [Worker-11: Searching...] INFO  o.e.m.c.i.e.AbstractTransferListenerAdapter - Downloaded https://repo.maven.apache.org/maven2/org/fusesource/jansi/jansi-osx/1.8/jansi-osx-1.8-sources.jar
2019-05-02 10:44:17,373 [Worker-11: Searching...] INFO  o.e.m.c.i.e.AbstractTransferListenerAdapter - Downloading https://repo.maven.apache.org/maven2/org/fusesource/jansi/jansi-windows32/1.8/jansi-windows32-1.8-sources.jar
2019-05-02 10:44:17,470 [Worker-11: Searching...] INFO  o.e.m.c.i.e.AbstractTransferListenerAdapter - Downloaded https://repo.maven.apache.org/maven2/org/fusesource/jansi/jansi-windows32/1.8/jansi-windows32-1.8-sources.jar
2019-05-02 10:44:17,699 [Worker-11: Searching...] INFO  o.e.m.c.i.e.AbstractTransferListenerAdapter - Downloading https://repo.maven.apache.org/maven2/org/fusesource/jansi/jansi-windows64/1.8/jansi-windows64-1.8-sources.jar
2019-05-02 10:44:17,796 [Worker-11: Searching...] INFO  o.e.m.c.i.e.AbstractTransferListenerAdapter - Downloaded https://repo.maven.apache.org/maven2/org/fusesource/jansi/jansi-windows64/1.8/jansi-windows64-1.8-sources.jar
2019-05-02 10:44:18,030 [Worker-11: Searching...] INFO  o.e.m.c.i.e.AbstractTransferListenerAdapter - Downloading https://repo.maven.apache.org/maven2/org/fusesource/jansi/jansi/1.17/jansi-1.17-sources.jar
2019-05-02 10:44:18,082 [Worker-11: Searching...] INFO  o.e.m.c.i.e.AbstractTransferListenerAdapter - Downloaded https://repo.maven.apache.org/maven2/org/fusesource/jansi/jansi/1.17/jansi-1.17-sources.jar
2019-05-02 10:44:18,317 [Worker-11: Searching...] INFO  o.e.m.c.i.e.AbstractTransferListenerAdapter - Downloading https://repo.maven.apache.org/maven2/org/apache/maven/maven-settings-builder/3.5.3/maven-settings-builder-3.5.3-sources.jar
2019-05-02 10:44:18,389 [Worker-11: Searching...] INFO  o.e.m.c.i.e.AbstractTransferListenerAdapter - Downloaded https://repo.maven.apache.org/maven2/org/apache/maven/maven-settings-builder/3.5.3/maven-settings-builder-3.5.3-sources.jar
2019-05-02 10:44:18,605 [Worker-11: Searching...] INFO  o.e.m.c.i.e.AbstractTransferListenerAdapter - Downloading https://repo.maven.apache.org/maven2/org/apache/maven/maven-compat/3.5.3/maven-compat-3.5.3-sources.jar
2019-05-02 10:44:18,750 [Worker-11: Searching...] INFO  o.e.m.c.i.e.AbstractTransferListenerAdapter - Downloaded https://repo.maven.apache.org/maven2/org/apache/maven/maven-compat/3.5.3/maven-compat-3.5.3-sources.jar
2019-05-02 10:44:18,970 [Worker-11: Searching...] INFO  o.e.m.c.i.e.AbstractTransferListenerAdapter - Downloading https://repo.maven.apache.org/maven2/org/apache/maven/maven-embedder/3.5.3/maven-embedder-3.5.3-sources.jar
2019-05-02 10:44:19,065 [Worker-11: Searching...] INFO  o.e.m.c.i.e.AbstractTransferListenerAdapter - Downloaded https://repo.maven.apache.org/maven2/org/apache/maven/maven-embedder/3.5.3/maven-embedder-3.5.3-sources.jar
2019-05-02 10:44:19,306 [Worker-11: Searching...] INFO  o.e.m.c.i.e.AbstractTransferListenerAdapter - Downloading https://repo.maven.apache.org/maven2/javax/enterprise/cdi-api/1.0/cdi-api-1.0-sources.jar
2019-05-02 10:44:19,399 [Worker-11: Searching...] INFO  o.e.m.c.i.e.AbstractTransferListenerAdapter - Downloaded https://repo.maven.apache.org/maven2/javax/enterprise/cdi-api/1.0/cdi-api-1.0-sources.jar
2019-05-02 10:44:19,706 [Worker-11: Searching...] INFO  o.e.m.c.i.e.AbstractTransferListenerAdapter - Downloading https://repo.maven.apache.org/maven2/org/apache/maven/maven-settings/3.5.3/maven-settings-3.5.3-sources.jar
2019-05-02 10:44:19,806 [Worker-11: Searching...] INFO  o.e.m.c.i.e.AbstractTransferListenerAdapter - Downloaded https://repo.maven.apache.org/maven2/org/apache/maven/maven-settings/3.5.3/maven-settings-3.5.3-sources.jar
2019-05-02 10:44:20,047 [Worker-11: Searching...] INFO  o.e.m.c.i.e.AbstractTransferListenerAdapter - Downloading https://repo.maven.apache.org/maven2/org/apache/maven/resolver/maven-resolver-api/1.1.1/maven-resolver-api-1.1.1-sources.jar
2019-05-02 10:44:20,195 [Worker-11: Searching...] INFO  o.e.m.c.i.e.AbstractTransferListenerAdapter - Downloaded https://repo.maven.apache.org/maven2/org/apache/maven/resolver/maven-resolver-api/1.1.1/maven-resolver-api-1.1.1-sources.jar
2019-05-02 10:44:20,414 [Worker-11: Searching...] INFO  o.e.m.c.i.e.AbstractTransferListenerAdapter - Downloading https://repo.maven.apache.org/maven2/org/codehaus/plexus/plexus-component-annotations/1.7.1/plexus-component-annotations-1.7.1-sources.jar
2019-05-02 10:44:20,503 [Worker-11: Searching...] INFO  o.e.m.c.i.e.AbstractTransferListenerAdapter - Downloaded https://repo.maven.apache.org/maven2/org/codehaus/plexus/plexus-component-annotations/1.7.1/plexus-component-annotations-1.7.1-sources.jar
2019-05-02 10:44:20,742 [Worker-11: Searching...] INFO  o.e.m.c.i.e.AbstractTransferListenerAdapter - Downloading https://repo.maven.apache.org/maven2/org/apache/maven/resolver/maven-resolver-impl/1.1.1/maven-resolver-impl-1.1.1-sources.jar
2019-05-02 10:44:20,848 [Worker-11: Searching...] INFO  o.e.m.c.i.e.AbstractTransferListenerAdapter - Downloaded https://repo.maven.apache.org/maven2/org/apache/maven/resolver/maven-resolver-impl/1.1.1/maven-resolver-impl-1.1.1-sources.jar
2019-05-02 10:44:21,056 [Worker-11: Searching...] INFO  o.e.m.c.i.e.AbstractTransferListenerAdapter - Downloading https://repo.maven.apache.org/maven2/com/squareup/okio/okio/1.14.0/okio-1.14.0-sources.jar
2019-05-02 10:44:21,133 [Worker-11: Searching...] INFO  o.e.m.c.i.e.AbstractTransferListenerAdapter - Downloaded https://repo.maven.apache.org/maven2/com/squareup/okio/okio/1.14.0/okio-1.14.0-sources.jar
2019-05-02 10:44:21,426 [Worker-11: Searching...] INFO  o.e.m.c.i.e.AbstractTransferListenerAdapter - Downloading https://repo.maven.apache.org/maven2/org/apache/maven/wagon/wagon-file/3.0.0/wagon-file-3.0.0-sources.jar
2019-05-02 10:44:21,517 [Worker-11: Searching...] INFO  o.e.m.c.i.e.AbstractTransferListenerAdapter - Downloaded https://repo.maven.apache.org/maven2/org/apache/maven/wagon/wagon-file/3.0.0/wagon-file-3.0.0-sources.jar
2019-05-02 10:44:21,750 [Worker-11: Searching...] INFO  o.e.m.c.i.e.AbstractTransferListenerAdapter - Downloading https://repo.maven.apache.org/maven2/org/apache/maven/maven-resolver-provider/3.5.3/maven-resolver-provider-3.5.3-sources.jar
2019-05-02 10:44:21,825 [Worker-11: Searching...] INFO  o.e.m.c.i.e.AbstractTransferListenerAdapter - Downloaded https://repo.maven.apache.org/maven2/org/apache/maven/maven-resolver-provider/3.5.3/maven-resolver-provider-3.5.3-sources.jar
2019-05-02 10:44:22,044 [Worker-11: Searching...] INFO  o.e.m.c.i.e.AbstractTransferListenerAdapter - Downloading https://repo.maven.apache.org/maven2/org/apache/maven/resolver/maven-resolver-transport-wagon/1.1.1/maven-resolver-transport-wagon-1.1.1-sources.jar
2019-05-02 10:44:22,146 [Worker-11: Searching...] INFO  o.e.m.c.i.e.AbstractTransferListenerAdapter - Downloaded https://repo.maven.apache.org/maven2/org/apache/maven/resolver/maven-resolver-transport-wagon/1.1.1/maven-resolver-transport-wagon-1.1.1-sources.jar
2019-05-02 10:44:22,365 [Worker-11: Searching...] INFO  o.e.m.c.i.e.AbstractTransferListenerAdapter - Downloading https://repo.maven.apache.org/maven2/org/apache/commons/commons-lang3/3.5/commons-lang3-3.5-sources.jar
2019-05-02 10:44:22,564 [Worker-11: Searching...] INFO  o.e.m.c.i.e.AbstractTransferListenerAdapter - Downloaded https://repo.maven.apache.org/maven2/org/apache/commons/commons-lang3/3.5/commons-lang3-3.5-sources.jar
2019-05-02 10:44:22,800 [Worker-11: Searching...] INFO  o.e.m.c.i.e.AbstractTransferListenerAdapter - Downloading https://repo.maven.apache.org/maven2/com/google/guava/guava/20.0/guava-20.0-sources.jar
2019-05-02 10:44:23,165 [Worker-11: Searching...] INFO  o.e.m.c.i.e.AbstractTransferListenerAdapter - Downloaded https://repo.maven.apache.org/maven2/com/google/guava/guava/20.0/guava-20.0-sources.jar
2019-05-02 10:44:23,395 [Worker-11: Searching...] INFO  o.e.m.c.i.e.AbstractTransferListenerAdapter - Downloading https://repo.maven.apache.org/maven2/org/apache/maven/resolver/maven-resolver-spi/1.1.1/maven-resolver-spi-1.1.1-sources.jar
2019-05-02 10:44:23,476 [Worker-11: Searching...] INFO  o.e.m.c.i.e.AbstractTransferListenerAdapter - Downloaded https://repo.maven.apache.org/maven2/org/apache/maven/resolver/maven-resolver-spi/1.1.1/maven-resolver-spi-1.1.1-sources.jar
2019-05-02 10:44:23,730 [Worker-11: Searching...] INFO  o.e.m.c.i.e.AbstractTransferListenerAdapter - Downloading https://repo.maven.apache.org/maven2/org/apache/maven/maven-artifact/3.5.3/maven-artifact-3.5.3-sources.jar
2019-05-02 10:44:23,807 [Worker-11: Searching...] INFO  o.e.m.c.i.e.AbstractTransferListenerAdapter - Downloaded https://repo.maven.apache.org/maven2/org/apache/maven/maven-artifact/3.5.3/maven-artifact-3.5.3-sources.jar
2019-05-02 10:44:24,031 [Worker-11: Searching...] INFO  o.e.m.c.i.e.AbstractTransferListenerAdapter - Downloading https://repo.maven.apache.org/maven2/org/codehaus/plexus/plexus-utils/3.1.0/plexus-utils-3.1.0-sources.jar
2019-05-02 10:44:24,178 [Worker-11: Searching...] INFO  o.e.m.c.i.e.AbstractTransferListenerAdapter - Downloaded https://repo.maven.apache.org/maven2/org/codehaus/plexus/plexus-utils/3.1.0/plexus-utils-3.1.0-sources.jar
2019-05-02 10:44:24,395 [Worker-11: Searching...] INFO  o.e.m.c.i.e.AbstractTransferListenerAdapter - Downloading https://repo.maven.apache.org/maven2/io/takari/aether/aether-connector-okhttp/0.17.4/aether-connector-okhttp-0.17.4-sources.jar
2019-05-02 10:44:24,492 [Worker-11: Searching...] INFO  o.e.m.c.i.e.AbstractTransferListenerAdapter - Downloaded https://repo.maven.apache.org/maven2/io/takari/aether/aether-connector-okhttp/0.17.4/aether-connector-okhttp-0.17.4-sources.jar
2019-05-02 10:44:24,729 [Worker-11: Searching...] INFO  o.e.m.c.i.e.AbstractTransferListenerAdapter - Downloading https://repo.maven.apache.org/maven2/org/apache/maven/maven-repository-metadata/3.5.3/maven-repository-metadata-3.5.3-sources.jar
2019-05-02 10:44:24,820 [Worker-11: Searching...] INFO  o.e.m.c.i.e.AbstractTransferListenerAdapter - Downloaded https://repo.maven.apache.org/maven2/org/apache/maven/maven-repository-metadata/3.5.3/maven-repository-metadata-3.5.3-sources.jar
2019-05-02 10:44:25,030 [Worker-11: Searching...] INFO  o.e.m.c.i.e.AbstractTransferListenerAdapter - Downloading https://repo.maven.apache.org/maven2/org/apache/maven/wagon/wagon-provider-api/3.0.0/wagon-provider-api-3.0.0-sources.jar
2019-05-02 10:44:25,107 [Worker-11: Searching...] INFO  o.e.m.c.i.e.AbstractTransferListenerAdapter - Downloaded https://repo.maven.apache.org/maven2/org/apache/maven/wagon/wagon-provider-api/3.0.0/wagon-provider-api-3.0.0-sources.jar
2019-05-02 10:44:25,329 [Worker-11: Searching...] INFO  o.e.m.c.i.e.AbstractTransferListenerAdapter - Downloading https://repo.maven.apache.org/maven2/org/apache/maven/maven-builder-support/3.5.3/maven-builder-support-3.5.3-sources.jar
2019-05-02 10:44:25,380 [Worker-11: Searching...] INFO  o.e.m.c.i.e.AbstractTransferListenerAdapter - Downloaded https://repo.maven.apache.org/maven2/org/apache/maven/maven-builder-support/3.5.3/maven-builder-support-3.5.3-sources.jar
2019-05-02 10:44:25,602 [Worker-11: Searching...] INFO  o.e.m.c.i.e.AbstractTransferListenerAdapter - Downloading https://repo.maven.apache.org/maven2/org/apache/maven/shared/maven-shared-utils/3.2.1/maven-shared-utils-3.2.1-sources.jar
2019-05-02 10:44:25,720 [Worker-11: Searching...] INFO  o.e.m.c.i.e.AbstractTransferListenerAdapter - Downloaded https://repo.maven.apache.org/maven2/org/apache/maven/shared/maven-shared-utils/3.2.1/maven-shared-utils-3.2.1-sources.jar
2019-05-02 10:44:25,964 [Worker-11: Searching...] INFO  o.e.m.c.i.e.AbstractTransferListenerAdapter - Downloading https://repo.maven.apache.org/maven2/org/apache/maven/maven-model-builder/3.5.3/maven-model-builder-3.5.3-sources.jar
2019-05-02 10:44:26,090 [Worker-11: Searching...] INFO  o.e.m.c.i.e.AbstractTransferListenerAdapter - Downloaded https://repo.maven.apache.org/maven2/org/apache/maven/maven-model-builder/3.5.3/maven-model-builder-3.5.3-sources.jar
2019-05-02 10:44:26,315 [Worker-11: Searching...] INFO  o.e.m.c.i.e.AbstractTransferListenerAdapter - Downloading https://repo.maven.apache.org/maven2/org/apache/maven/maven-plugin-api/3.5.3/maven-plugin-api-3.5.3-sources.jar
2019-05-02 10:44:26,386 [Worker-11: Searching...] INFO  o.e.m.c.i.e.AbstractTransferListenerAdapter - Downloaded https://repo.maven.apache.org/maven2/org/apache/maven/maven-plugin-api/3.5.3/maven-plugin-api-3.5.3-sources.jar
2019-05-02 10:44:26,638 [Worker-11: Searching...] INFO  o.e.m.c.i.e.AbstractTransferListenerAdapter - Downloading https://repo.maven.apache.org/maven2/com/squareup/okhttp3/okhttp/3.11.0/okhttp-3.11.0-sources.jar
2019-05-02 10:44:26,792 [Worker-11: Searching...] INFO  o.e.m.c.i.e.AbstractTransferListenerAdapter - Downloaded https://repo.maven.apache.org/maven2/com/squareup/okhttp3/okhttp/3.11.0/okhttp-3.11.0-sources.jar
2019-05-02 10:44:27,028 [Worker-11: Searching...] INFO  o.e.m.c.i.e.AbstractTransferListenerAdapter - Downloading https://repo.maven.apache.org/maven2/org/slf4j/slf4j-simple/1.7.5/slf4j-simple-1.7.5-sources.jar
2019-05-02 10:44:27,122 [Worker-11: Searching...] INFO  o.e.m.c.i.e.AbstractTransferListenerAdapter - Downloaded https://repo.maven.apache.org/maven2/org/slf4j/slf4j-simple/1.7.5/slf4j-simple-1.7.5-sources.jar
2019-05-02 10:46:11,974 [Worker-21: Launching jmjrst.main] INFO  o.e.m.i.launch.MavenLaunchDelegate - D:\Dokumente\Studienmaterial\SWT1\Workspace\iMage\jmjrst.main
2019-05-02 10:46:11,974 [Worker-21: Launching jmjrst.main] INFO  o.e.m.i.launch.MavenLaunchDelegate -  mvn -B package
2019-05-02 10:46:12,502 [Worker-22: Building workspace] INFO  o.e.m.c.i.l.LifecycleMappingFactory - Using org.eclipse.m2e.jdt.JarLifecycleMapping lifecycle mapping for MavenProject: swt1.ub1.a1:jmjrst.main:0.0.1-SNAPSHOT @ D:\Dokumente\Studienmaterial\SWT1\Workspace\iMage\jmjrst.main\pom.xml.
2019-05-02 10:46:12,648 [Worker-22: Building workspace] INFO  o.e.m.c.i.embedder.EclipseLogger - Using 'UTF-8' encoding to copy filtered resources.
2019-05-02 10:46:12,650 [Worker-22: Building workspace] INFO  o.e.m.c.i.embedder.EclipseLogger - Copying 0 resource
2019-05-02 10:46:12,652 [Worker-22: Building workspace] INFO  o.e.m.c.i.embedder.EclipseLogger - Using 'UTF-8' encoding to copy filtered resources.
2019-05-02 10:46:12,653 [Worker-22: Building workspace] INFO  o.e.m.c.i.embedder.EclipseLogger - Copying 0 resource
2019-05-02 12:05:26,704 [Worker-24: Launching jmjrst.main] INFO  o.e.m.i.launch.MavenLaunchDelegate - D:\Dokumente\Studienmaterial\SWT1\Workspace\iMage\jmjrst.main
2019-05-02 12:05:26,704 [Worker-24: Launching jmjrst.main] INFO  o.e.m.i.launch.MavenLaunchDelegate -  mvn -B package
2019-05-02 12:05:27,121 [Worker-24: Building workspace] INFO  o.e.m.c.i.l.LifecycleMappingFactory - Using org.eclipse.m2e.jdt.JarLifecycleMapping lifecycle mapping for MavenProject: swt1.ub1.a1:jmjrst.main:0.0.1-SNAPSHOT @ D:\Dokumente\Studienmaterial\SWT1\Workspace\iMage\jmjrst.main\pom.xml.
2019-05-02 12:05:27,256 [Worker-24: Building workspace] INFO  o.e.m.c.i.embedder.EclipseLogger - Using 'UTF-8' encoding to copy filtered resources.
2019-05-02 12:05:27,257 [Worker-24: Building workspace] INFO  o.e.m.c.i.embedder.EclipseLogger - Copying 0 resource
2019-05-02 12:05:27,258 [Worker-24: Building workspace] INFO  o.e.m.c.i.embedder.EclipseLogger - Using 'UTF-8' encoding to copy filtered resources.
2019-05-02 12:05:27,259 [Worker-24: Building workspace] INFO  o.e.m.c.i.embedder.EclipseLogger - Copying 0 resource
2019-05-02 12:08:59,151 [Worker-27: Launching jmjrst.main] INFO  o.e.m.i.launch.MavenLaunchDelegate - D:\Dokumente\Studienmaterial\SWT1\Workspace\iMage\jmjrst.main
2019-05-02 12:08:59,151 [Worker-27: Launching jmjrst.main] INFO  o.e.m.i.launch.MavenLaunchDelegate -  mvn -B clean package
2019-05-02 12:11:19,033 [Worker-27: Launching jmjrst.main] INFO  o.e.m.i.launch.MavenLaunchDelegate - D:\Dokumente\Studienmaterial\SWT1\Workspace\iMage\jmjrst.main
2019-05-02 12:11:19,033 [Worker-27: Launching jmjrst.main] INFO  o.e.m.i.launch.MavenLaunchDelegate -  mvn -B clean package
2019-05-02 12:14:21,326 [Worker-27: Building workspace] INFO  o.e.m.c.i.l.LifecycleMappingFactory - Using org.eclipse.m2e.jdt.JarLifecycleMapping lifecycle mapping for MavenProject: swt1.ub1.a1:jmjrst.main:0.0.1-SNAPSHOT @ D:\Dokumente\Studienmaterial\SWT1\Workspace\iMage\jmjrst.main\pom.xml.
2019-05-02 12:14:21,512 [Worker-27: Building workspace] INFO  o.e.m.c.i.embedder.EclipseLogger - Using 'UTF-8' encoding to copy filtered resources.
2019-05-02 12:14:21,513 [Worker-27: Building workspace] INFO  o.e.m.c.i.embedder.EclipseLogger - Copying 0 resource
2019-05-02 12:14:21,514 [Worker-27: Building workspace] INFO  o.e.m.c.i.embedder.EclipseLogger - Using 'UTF-8' encoding to copy filtered resources.
2019-05-02 12:14:21,515 [Worker-27: Building workspace] INFO  o.e.m.c.i.embedder.EclipseLogger - Copying 0 resource
2019-05-02 12:15:52,863 [Worker-25: Launching jmjrst.main] INFO  o.e.m.i.launch.MavenLaunchDelegate - D:\Dokumente\Studienmaterial\SWT1\Workspace\iMage\jmjrst.main
2019-05-02 12:15:52,863 [Worker-25: Launching jmjrst.main] INFO  o.e.m.i.launch.MavenLaunchDelegate -  mvn -B package
2019-05-02 12:20:35,975 [Worker-21: Building workspace] INFO  o.e.m.c.i.l.LifecycleMappingFactory - Using org.eclipse.m2e.jdt.JarLifecycleMapping lifecycle mapping for MavenProject: swt1.ub1.a1:jmjrst.main:0.0.1-SNAPSHOT @ D:\Dokumente\Studienmaterial\SWT1\Workspace\iMage\jmjrst.main\pom.xml.
2019-05-02 12:20:36,109 [Worker-21: Building workspace] INFO  o.e.m.c.i.embedder.EclipseLogger - Using 'UTF-8' encoding to copy filtered resources.
2019-05-02 12:20:36,110 [Worker-21: Building workspace] INFO  o.e.m.c.i.embedder.EclipseLogger - Copying 0 resource
2019-05-02 12:20:36,125 [Worker-21: Building workspace] INFO  o.e.m.c.i.embedder.EclipseLogger - Using 'UTF-8' encoding to copy filtered resources.
2019-05-02 12:20:36,125 [Worker-21: Building workspace] INFO  o.e.m.c.i.embedder.EclipseLogger - Copying 0 resource
2019-05-02 12:20:42,501 [Worker-29: Launching jmjrst.main] INFO  o.e.m.i.launch.MavenLaunchDelegate - D:\Dokumente\Studienmaterial\SWT1\Workspace\iMage\jmjrst.main
2019-05-02 12:20:42,501 [Worker-29: Launching jmjrst.main] INFO  o.e.m.i.launch.MavenLaunchDelegate -  mvn -B package
2019-05-02 12:27:29,262 [Worker-32: Building workspace] INFO  o.e.m.c.i.embedder.EclipseLogger - Using 'UTF-8' encoding to copy filtered resources.
2019-05-02 12:27:29,264 [Worker-32: Building workspace] INFO  o.e.m.c.i.embedder.EclipseLogger - Copying 18 resources
2019-05-02 12:27:29,272 [Worker-32: Building workspace] INFO  o.e.m.c.i.embedder.EclipseLogger - Using 'UTF-8' encoding to copy filtered resources.
2019-05-02 12:27:29,272 [Worker-32: Building workspace] INFO  o.e.m.c.i.embedder.EclipseLogger - Copying 1 resource
2019-05-02 12:27:33,727 [Worker-25: Launching jmjrst.main] INFO  o.e.m.i.launch.MavenLaunchDelegate - D:\Dokumente\Studienmaterial\SWT1\Workspace\iMage\jmjrst.main
2019-05-02 12:27:33,727 [Worker-25: Launching jmjrst.main] INFO  o.e.m.i.launch.MavenLaunchDelegate -  mvn -B package
2019-05-02 12:33:58,628 [Worker-34: Launching jmjrst.main] INFO  o.e.m.i.launch.MavenLaunchDelegate - D:\Dokumente\Studienmaterial\SWT1\Workspace\iMage\jmjrst.main
2019-05-02 12:33:58,629 [Worker-34: Launching jmjrst.main] INFO  o.e.m.i.launch.MavenLaunchDelegate -  mvn -B package
2019-05-02 12:40:43,936 [Worker-29: Building workspace] INFO  o.e.m.c.i.l.LifecycleMappingFactory - Using org.eclipse.m2e.jdt.JarLifecycleMapping lifecycle mapping for MavenProject: swt1.ub1.a1:jmjrst.main:0.0.1-SNAPSHOT @ D:\Dokumente\Studienmaterial\SWT1\Workspace\iMage\jmjrst.main\pom.xml.
2019-05-02 12:40:44,091 [Worker-29: Building workspace] INFO  o.e.m.c.i.embedder.EclipseLogger - Using 'UTF-8' encoding to copy filtered resources.
2019-05-02 12:40:44,092 [Worker-29: Building workspace] INFO  o.e.m.c.i.embedder.EclipseLogger - Copying 0 resource
2019-05-02 12:40:44,094 [Worker-29: Building workspace] INFO  o.e.m.c.i.embedder.EclipseLogger - Using 'UTF-8' encoding to copy filtered resources.
2019-05-02 12:40:44,094 [Worker-29: Building workspace] INFO  o.e.m.c.i.embedder.EclipseLogger - Copying 0 resource
2019-05-02 12:42:09,461 [Worker-37: Building workspace] INFO  o.e.m.c.i.l.LifecycleMappingFactory - Using org.eclipse.m2e.jdt.JarLifecycleMapping lifecycle mapping for MavenProject: swt1.ub1.a1:jmjrst.main:0.0.1-SNAPSHOT @ D:\Dokumente\Studienmaterial\SWT1\Workspace\iMage\jmjrst.main\pom.xml.
2019-05-02 12:42:09,618 [Worker-37: Building workspace] INFO  o.e.m.c.i.embedder.EclipseLogger - Using 'UTF-8' encoding to copy filtered resources.
2019-05-02 12:42:09,619 [Worker-37: Building workspace] INFO  o.e.m.c.i.embedder.EclipseLogger - Copying 0 resource
2019-05-02 12:42:09,620 [Worker-37: Building workspace] INFO  o.e.m.c.i.embedder.EclipseLogger - Using 'UTF-8' encoding to copy filtered resources.
2019-05-02 12:42:09,620 [Worker-37: Building workspace] INFO  o.e.m.c.i.embedder.EclipseLogger - Copying 0 resource
2019-05-05 13:05:51,450 [Worker-0: Loading available Gradle versions] INFO  o.e.b.c.i.u.g.PublishedGradleVersions - Gradle version information cache is out-of-date. Trying to update.
2019-05-05 13:17:37,121 [Worker-12: Building workspace] INFO  o.e.m.c.i.embedder.EclipseLogger - Using 'UTF-8' encoding to copy filtered resources.
2019-05-05 13:17:37,127 [Worker-12: Building workspace] INFO  o.e.m.c.i.embedder.EclipseLogger - Copying 18 resources
2019-05-05 13:17:37,141 [Worker-12: Building workspace] INFO  o.e.m.c.i.embedder.EclipseLogger - Using 'UTF-8' encoding to copy filtered resources.
2019-05-05 13:17:37,142 [Worker-12: Building workspace] INFO  o.e.m.c.i.embedder.EclipseLogger - Copying 1 resource
2019-05-05 13:18:24,940 [Worker-7: Building workspace] INFO  o.e.m.c.i.embedder.EclipseLogger - Using 'UTF-8' encoding to copy filtered resources.
2019-05-05 13:18:24,944 [Worker-7: Building workspace] INFO  o.e.m.c.i.embedder.EclipseLogger - Copying 18 resources
2019-05-05 13:18:24,946 [Worker-7: Building workspace] INFO  o.e.m.c.i.embedder.EclipseLogger - Using 'UTF-8' encoding to copy filtered resources.
2019-05-05 13:18:24,947 [Worker-7: Building workspace] INFO  o.e.m.c.i.embedder.EclipseLogger - Copying 0 resource
2019-05-05 13:19:51,878 [Worker-13: Building workspace] INFO  o.e.m.c.i.embedder.EclipseLogger - Using 'UTF-8' encoding to copy filtered resources.
2019-05-05 13:19:51,880 [Worker-13: Building workspace] INFO  o.e.m.c.i.embedder.EclipseLogger - Copying 18 resources
2019-05-05 13:19:51,886 [Worker-13: Building workspace] INFO  o.e.m.c.i.embedder.EclipseLogger - Using 'UTF-8' encoding to copy filtered resources.
2019-05-05 13:19:51,886 [Worker-13: Building workspace] INFO  o.e.m.c.i.embedder.EclipseLogger - Copying 0 resource
2019-05-05 13:20:04,129 [Worker-12: Building workspace] INFO  o.e.m.c.i.embedder.EclipseLogger - Using 'UTF-8' encoding to copy filtered resources.
2019-05-05 13:20:04,131 [Worker-12: Building workspace] INFO  o.e.m.c.i.embedder.EclipseLogger - Copying 18 resources
2019-05-05 13:20:04,134 [Worker-12: Building workspace] INFO  o.e.m.c.i.embedder.EclipseLogger - Using 'UTF-8' encoding to copy filtered resources.
2019-05-05 13:20:04,134 [Worker-12: Building workspace] INFO  o.e.m.c.i.embedder.EclipseLogger - Copying 0 resource
2019-05-05 13:22:21,637 [Worker-7: Building workspace] INFO  o.e.m.c.i.embedder.EclipseLogger - Using 'UTF-8' encoding to copy filtered resources.
2019-05-05 13:22:21,638 [Worker-7: Building workspace] INFO  o.e.m.c.i.embedder.EclipseLogger - Copying 18 resources
2019-05-05 13:22:21,641 [Worker-7: Building workspace] INFO  o.e.m.c.i.embedder.EclipseLogger - Using 'UTF-8' encoding to copy filtered resources.
2019-05-05 13:22:21,643 [Worker-7: Building workspace] INFO  o.e.m.c.i.embedder.EclipseLogger - Copying 0 resource
2019-05-05 13:23:35,993 [Worker-7: Building workspace] INFO  o.e.m.c.i.embedder.EclipseLogger - Using 'UTF-8' encoding to copy filtered resources.
2019-05-05 13:23:35,994 [Worker-7: Building workspace] INFO  o.e.m.c.i.embedder.EclipseLogger - Copying 18 resources
2019-05-05 13:23:35,997 [Worker-7: Building workspace] INFO  o.e.m.c.i.embedder.EclipseLogger - Using 'UTF-8' encoding to copy filtered resources.
2019-05-05 13:23:35,997 [Worker-7: Building workspace] INFO  o.e.m.c.i.embedder.EclipseLogger - Copying 0 resource
